0.000 LOADED Terrain_2
0.000 LOAD_SG pos=(79506.609375,1251.132935,35517.523438)
471.145 SAVE_SG pos=(79287.031250,1120.725586,35833.042969) quick
519.369 SAVE_SG pos=(79287.031250,1120.725586,35833.042969) quick
676.695 SAVE_SG pos=(78222.718750,893.721924,36510.613281) quick
710.216 FINISHED LEVEL failure
711.234 LOAD_SG pos=(77282.765625,894.854187,38213.773438)
723.393 SAVE_SG pos=(78002.531250,882.332031,37642.960938) quick
726.534 SAVE_SG pos=(78002.531250,882.332031,37642.960938) quick
877.349 SAVE_SG pos=(78405.921875,878.669373,41284.515625) quick
955.316 FINISHED LEVEL failure
956.365 LOAD_SG pos=(78714.398438,856.485596,43233.488281)
990.076 SAVE_SG pos=(81009.554688,911.299561,42669.496094) quick
1012.762 SAVE_SG pos=(82011.968750,842.097229,43573.234375) quick
1041.765 FINISHED LEVEL failure
1042.786 LOAD_SG pos=(81670.898438,891.766846,44560.078125)
1079.313 SAVE_SG pos=(81674.179688,893.665039,44579.464844) quick
1092.682 FINISHED LEVEL failure
1093.698 LOAD_SG pos=(81669.710938,883.605957,44453.644531)
1171.905 SAVE_SG pos=(81646.312500,889.268738,44515.718750) quick
1228.552 SAVE_SG pos=(80437.875000,989.480530,45639.457031) quick
1230.804 SAVE_SG pos=(80437.875000,989.480530,45639.457031) quick
1283.195 SAVE_SG pos=(75864.171875,874.665894,42671.601563) quick
1360.269 SAVE_SG pos=(70736.289063,1143.497925,46212.785156) quick
1373.137 SAVE_SG pos=(71114.437500,1163.777588,46122.031250) quick
1462.505 SAVE_SG pos=(70674.648438,1095.835327,46727.992188) quick
1542.895 SAVE_SG pos=(69916.500000,1021.970215,47072.230469) quick
1721.172 SAVE_SG pos=(71571.078125,960.563904,48581.562500) quick
1757.317 SAVE_SG pos=(71200.726563,881.759460,48977.742188) quick
1954.535 SAVE_SG pos=(67884.640625,2088.713623,55833.550781) quick
1981.829 DEATH pos=(67884.640625,2089.025635,55833.550781) damage=75.600006
1982.192 FINISHED LEVEL failure
1984.826 LOAD_SG pos=(67910.359375,2100.708984,55877.804688)
2000.124 FINISHED LEVEL failure
2001.151 LOAD_SG pos=(67888.679688,2066.469727,55871.375000)
2009.040 SAVE_SG pos=(70940.218750,3096.122314,56805.480469) quick
2009.258 SAVE_SG pos=(70976.203125,3126.398438,56818.492188) quick
2074.114 SAVE_SG pos=(71985.648438,3365.650879,57281.347656) quick
2084.453 FINISHED LEVEL failure
2085.458 LOAD_SG pos=(71825.375000,3363.543457,57159.882813)
2158.475 SAVE_SG pos=(71614.742188,4526.041992,56744.660156) quick
2204.578 DEATH pos=(71614.742188,4526.041992,56744.660156) damage=378.000031
2208.764 LOAD_SG pos=(71550.304688,4537.392090,56673.054688)
2303.996 DEATH pos=(71408.781250,4526.034180,56784.570313) damage=378.000031
2307.076 LOAD_SG pos=(71487.671875,4541.254883,56771.593750)
2173.086 FINISHED LEVEL failure
2174.124 LOAD_SG pos=(71614.742188,4526.041992,56744.664063)
2273.755 DEATH pos=(71770.531250,4526.041992,56784.808594) damage=378.000031
2276.893 LOAD_SG pos=(71694.093750,4539.212402,56732.671875)
2158.475 END Terrain_2
