0.000 LOADED Mine
0.016 LOAD_SG pos=(48527.746094,3344.435059,48773.789063)
523.459 SAVE_SG pos=(57079.339844,2465.383545,25916.923828) quick
630.536 SAVE_SG pos=(60018.589844,2198.313721,20507.572266) quick
663.704 SAVE_SG pos=(61578.605469,2197.744629,18305.369141) quick
683.301 SAVE_SG pos=(60269.363281,1749.684570,13233.935547) quick
733.041 SAVE_SG pos=(58091.113281,1812.304688,10952.120117) quick
779.209 DEATH pos=(60173.699219,2235.778809,11560.900391) damage=33.600002
782.145 LOAD_SG pos=(60074.328125,2233.646484,11590.761719)
756.706 SAVE_SG pos=(60076.402344,2217.794434,11572.507813) quick
804.841 DEATH pos=(60459.644531,2295.198486,11672.548828) damage=28.618505
808.180 LOAD_SG pos=(60394.507813,2303.051758,11662.883789)
774.203 SAVE_SG pos=(60280.351563,2257.868652,11602.742188) quick
792.123 DEATH pos=(60208.023438,2245.129883,11620.384766) damage=33.600002
794.311 LOAD_SG pos=(60081.691406,2234.310059,11569.855469)
802.090 DEATH pos=(60429.285156,2287.110840,11623.521484) damage=33.600002
805.424 LOAD_SG pos=(60357.640625,2292.146240,11640.198242)
927.083 SAVE_SG pos=(59845.984375,2153.673340,11146.674805) quick
960.553 DEATH pos=(59834.910156,2150.935303,11140.814453) damage=30.800001
963.352 LOAD_SG pos=(59851.644531,2179.137207,11172.264648)
948.520 SAVE_SG pos=(59846.332031,2154.469727,11161.627930) quick
971.414 SAVE_SG pos=(59804.785156,2145.931885,11146.295898) quick
975.279 SAVE_SG pos=(59804.785156,2145.931885,11146.295898) quick
999.794 SAVE_SG pos=(59811.433594,2147.525391,11153.392578) quick
1080.177 SAVE_SG pos=(59974.574219,2184.475586,11279.860352) quick
1102.638 SAVE_SG pos=(59850.476563,2173.545410,11548.507813) quick
1326.915 SAVE_SG pos=(60522.832031,2461.617188,8978.807617) quick
1368.225 SAVE_SG pos=(57929.351563,2462.204834,9210.989258) quick
1388.716 DEATH pos=(56915.332031,2488.464355,9398.108398) damage=269.307495
1391.991 LOAD_SG pos=(56984.492188,2501.009521,9581.175781)
1498.713 FINISHED LEVEL failure
1499.743 LOAD_SG pos=(54809.171875,2455.377930,8895.368164)
1461.232 SAVE_SG pos=(56379.636719,2461.020996,8399.960938) quick
1470.922 SAVE_SG pos=(56003.671875,2462.576660,8718.609375) quick
1524.189 SAVE_SG pos=(54295.726563,2462.207764,8366.988281) quick
1534.528 SAVE_SG pos=(52648.195313,2463.430908,8565.285156) quick
1540.180 SAVE_SG pos=(51452.148438,2546.496826,9146.531250) quick
1593.022 SAVE_SG pos=(61658.191406,2846.957031,7526.308105) quick
1792.497 SAVE_SG pos=(47218.804688,2464.880615,22416.687500) quick
1895.284 SAVE_SG pos=(45213.562500,4275.078125,33098.289063) quick
2034.273 SAVE_SG pos=(47946.910156,3038.498779,17212.902344) quick
2186.795 FINISHED LEVEL success
2186.795 END Ruins
