0.000 LOADED Oilrig
0.040 LOAD_SG pos=(36592.265625,3406.160645,12737.001953)
1372.089 DEATH pos=(12124.853516,1070.526489,18980.265625) damage=81.854042
1374.850 LOAD_SG pos=(12097.724609,1083.667603,18953.992188)
1318.886 DEATH pos=(12307.193359,1070.511353,19332.210938) damage=100.800003
1321.802 LOAD_SG pos=(12361.790039,1088.476074,19287.152344)
1254.458 SAVE_SG pos=(11047.502930,1070.507690,17151.740234) quick
1339.890 SAVE_SG pos=(15116.877930,1070.554443,15748.751953) quick
1445.795 SAVE_SG pos=(16087.634766,1043.293823,21619.966797) quick
1448.145 SAVE_SG pos=(16604.126953,1038.469238,21654.859375) quick
1487.643 SAVE_SG pos=(16840.570313,1041.086060,21851.365234) quick
1600.330 DEATH pos=(23157.046875,1035.596924,25563.896484) damage=82.692787
1603.975 LOAD_SG pos=(23106.746094,1053.572632,25614.310547)
1546.348 DEATH pos=(21400.410156,1024.774536,25400.966797) damage=793.532043
1548.618 LOAD_SG pos=(21323.558594,1034.733765,25417.064453)
1506.962 DEATH pos=(20063.388672,1042.068115,23305.476563) damage=86.904510
1509.805 LOAD_SG pos=(20012.826172,1054.273804,23250.396484)
1533.758 SAVE_SG pos=(20263.824219,1040.634766,23559.804688) quick
1572.932 DEATH pos=(21538.121094,1042.199219,24076.519531) damage=91.067383
1575.721 LOAD_SG pos=(21481.113281,1054.868164,24043.111328)
1711.115 SAVE_SG pos=(23148.251953,1038.352783,23840.087891) quick
1729.469 SAVE_SG pos=(23203.652344,1037.498169,23868.324219) quick
1813.723 FINISHED LEVEL success
1815.707 END Coast
