0.000 LOADED Terrain_5
0.038 LOAD_SG pos=(16101.410156,666.829407,68661.210938)
27.051 FINISHED LEVEL failure
28.052 LOAD_SG pos=(12292.156250,2003.057983,67524.429688)
32.272 SAVE_SG pos=(11917.116211,2307.066895,67720.187500) quick
284.673 SAVE_SG pos=(15341.275391,1730.159668,58980.101563) quick
292.134 SAVE_SG pos=(15676.011719,1802.842285,59563.132813) quick
392.846 SAVE_SG pos=(20248.380859,1856.757202,54022.484375) quick
451.352 SAVE_SG pos=(23972.390625,595.532715,52660.640625) quick
478.892 SAVE_SG pos=(22439.658203,1026.951904,56130.675781) quick
487.241 SAVE_SG pos=(22854.544922,1543.259888,57095.574219) quick
502.194 SAVE_SG pos=(23796.494141,2822.899170,56930.914063) quick
553.853 FINISHED LEVEL failure
554.885 LOAD_SG pos=(24276.572266,2597.618408,56349.542969)
532.620 FINISHED LEVEL failure
533.630 LOAD_SG pos=(24256.173828,2607.979492,56379.816406)
520.151 SAVE_SG pos=(24388.466797,2530.401123,56205.121094) quick
553.319 FINISHED LEVEL failure
554.345 LOAD_SG pos=(24388.466797,2530.420166,56205.121094)
533.229 SAVE_SG pos=(24417.902344,2526.649902,56204.535156) quick
552.635 FINISHED LEVEL failure
553.657 LOAD_SG pos=(24417.902344,2526.649902,56204.535156)
583.273 SAVE_SG pos=(24417.902344,2526.649902,56204.535156) quick
635.716 SAVE_SG pos=(24303.302734,2592.789063,56332.953125) quick
657.190 DEATH pos=(24539.478516,2438.287354,55956.562500) damage=138.880005
659.951 LOAD_SG pos=(24679.283203,2249.692871,55833.570313)
674.395 DEATH pos=(24467.337891,2293.528564,55812.945313) damage=33.600002
677.340 LOAD_SG pos=(24405.519531,2275.369873,55801.902344)
754.032 SAVE_SG pos=(26572.265625,1576.945679,52373.500000) quick
817.126 DEATH pos=(26860.613281,1562.550293,52297.742188) damage=29.402445
820.041 LOAD_SG pos=(26802.986328,1578.901123,52223.101563)
1125.538 DEATH pos=(25934.494141,677.042236,47616.996094) damage=33.600002
1129.977 LOAD_SG pos=(25877.763672,682.318298,47673.542969)
767.099 DEATH pos=(26689.029297,1241.321899,51994.886719) damage=28.751963
769.718 LOAD_SG pos=(26378.314453,513.246094,51919.699219)
835.517 SAVE_SG pos=(26793.892578,1191.940186,51459.265625) quick
862.068 SAVE_SG pos=(27330.755859,571.215393,50710.914063) quick
892.580 SAVE_SG pos=(26468.083984,731.229553,48267.460938) quick
911.351 DEATH pos=(25810.000000,636.461975,47904.472656) damage=33.600002
915.031 LOAD_SG pos=(25768.900391,637.771973,47859.839844)
911.023 DEATH pos=(25903.218750,665.355286,47984.132813) damage=33.600002
913.795 LOAD_SG pos=(25853.597656,662.695007,47929.765625)
988.913 SAVE_SG pos=(26333.685547,639.063843,47374.734375) quick
1014.262 SAVE_SG pos=(22580.027344,726.653442,42103.843750) quick
1083.093 SAVE_SG pos=(19929.949219,458.005157,39530.757813) quick
1119.223 SAVE_SG pos=(15482.962891,444.466064,37645.136719) quick
1170.944 SAVE_SG pos=(17578.066406,822.320129,30822.818359) quick
1241.316 FINISHED LEVEL success
1242.293 END Canyon
