0.000 LOADED Valley
0.043 LOAD_SG pos=(52857.171875,3104.088379,21313.294922)
1909.196 LOAD_SG pos=(52102.781250,3337.781006,18993.992188)
1401.453 DEATH pos=(84368.007813,1245.533203,23765.804688) damage=418.930420
1406.028 LOAD_SG pos=(84321.859375,1308.834473,23773.273438)
1335.654 SAVE_SG pos=(81044.015625,878.063293,31628.632813) quick
1340.252 SAVE_SG pos=(82786.492188,1177.153931,32390.988281) quick
1342.160 SAVE_SG pos=(83436.765625,608.936218,31775.222656) quick
1342.204 DEATH pos=(83438.960938,604.611572,31776.097656) damage=1209.099243
1345.327 LOAD_SG pos=(83531.250000,409.177307,31807.437500)
1374.436 SAVE_SG pos=(84584.882813,359.405945,31865.585938) quick
1399.647 SAVE_SG pos=(83331.804688,359.405884,31776.820313) quick
1400.519 LOAD_SG pos=(83288.976563,359.405853,31730.066406)
1925.786 LOAD_SG pos=(61838.605469,908.409546,20796.142578)
1320.757 LOAD_SG pos=(80059.500000,989.000610,29803.933594)
1316.037 LOAD_SG pos=(80190.250000,999.613037,30057.416016)
1468.005 LOAD_SG pos=(66997.929688,453.843628,29447.535156)
1401.490 LOAD_SG pos=(83334.835938,359.406342,31779.433594)
1843.824 LOAD_SG pos=(52234.515625,3227.182129,19402.632813)
1321.054 LOAD_SG pos=(80190.250000,999.613037,30057.416016)
1459.770 LOAD_SG pos=(67094.890625,469.748535,29332.529297)
1378.764 SAVE_SG pos=(81101.843750,867.368469,31617.957031) quick
1400.904 SAVE_SG pos=(85713.398438,824.267639,39518.742188) quick
1433.701 SAVE_SG pos=(84449.093750,800.080994,50520.023438) quick
1500.510 FINISHED LEVEL success
1502.486 END Woodyard
