0.000 LOADED Level_03
0.043 LOAD_SG pos=(21265.500000,311.041443,91506.210938)
107.007 SAVE_SG pos=(51376.242188,321.432892,81188.445313) quick
124.184 DEATH pos=(59970.097656,321.432831,79657.812500) damage=75.600006
127.064 LOAD_SG pos=(60686.480469,353.861389,80021.054688)
135.377 DEATH pos=(61986.152344,331.212708,78546.968750) damage=78.847389
138.407 LOAD_SG pos=(61912.949219,339.644501,78572.164063)
142.223 DEATH pos=(61969.902344,326.224060,78551.335938) damage=100.800003
145.163 LOAD_SG pos=(61917.738281,354.923676,78546.601563)
129.899 DEATH pos=(61423.351563,321.432892,79693.679688) damage=78.702881
132.921 LOAD_SG pos=(61785.519531,355.115387,78919.484375)
124.807 DEATH pos=(60132.390625,321.432831,79738.953125) damage=75.600006
126.956 LOAD_SG pos=(60649.929688,356.578552,80011.257813)
130.361 DEATH pos=(61457.968750,321.432892,79569.914063) damage=75.600006
132.961 LOAD_SG pos=(61786.277344,354.666351,78922.406250)
118.117 SAVE_SG pos=(56777.765625,321.432861,80019.960938) quick
119.912 SAVE_SG pos=(57813.050781,321.432831,79663.109375) quick
135.121 SAVE_SG pos=(61984.632813,325.774414,78558.531250) quick
149.699 SAVE_SG pos=(62679.679688,200.643784,78642.085938) quick
220.822 SAVE_SG pos=(70382.515625,1482.710938,78322.281250) quick
269.755 SAVE_SG pos=(70591.703125,1480.347900,77942.453125) quick
271.936 SAVE_SG pos=(70762.539063,1470.516479,77459.664063) quick
297.164 SAVE_SG pos=(71129.093750,1484.516113,73297.648438) quick
299.130 SAVE_SG pos=(71129.093750,1484.516113,73297.648438) quick
312.012 SAVE_SG pos=(71129.093750,1484.516113,73297.648438) quick
341.708 DEATH pos=(70757.968750,1449.495117,72688.812500) damage=452.280823
344.813 LOAD_SG pos=(70771.679688,1496.744507,72711.750000)
325.922 DEATH pos=(71336.781250,1457.601563,71571.328125) damage=75.600006
328.607 LOAD_SG pos=(71393.429688,1473.397583,71587.335938)
348.509 SAVE_SG pos=(71291.968750,1458.027832,71444.093750) quick
384.511 SAVE_SG pos=(74411.882813,1470.892334,69058.679688) quick
422.632 SAVE_SG pos=(75258.867188,1479.045044,68555.304688) quick
429.163 SAVE_SG pos=(75580.460938,1499.682983,68430.343750) quick
435.930 SAVE_SG pos=(75281.125000,1499.682983,68336.664063) quick
442.234 SAVE_SG pos=(75281.125000,1499.682983,68336.664063) quick
510.156 SAVE_SG pos=(60837.464844,326.702759,78066.218750) quick
546.658 SAVE_SG pos=(58338.886719,324.358643,75806.671875) quick
561.788 SAVE_SG pos=(63388.226563,324.355286,69270.195313) quick
572.882 SAVE_SG pos=(62188.714844,324.352356,67808.765625) quick
639.356 SAVE_SG pos=(48994.683594,2888.329834,70104.531250) quick
645.180 SAVE_SG pos=(48126.664063,3040.320557,69027.250000) quick
682.315 SAVE_SG pos=(45075.222656,3007.801025,67969.953125) quick
755.102 SAVE_SG pos=(42248.558594,561.265564,59068.183594) quick
762.728 SAVE_SG pos=(42026.320313,568.371460,59003.257813) quick
819.299 SAVE_SG pos=(39117.839844,450.881653,58297.167969) quick
851.738 SAVE_SG pos=(38591.652344,450.733765,61876.722656) quick
900.683 DEATH pos=(35847.554688,451.723083,61859.730469) damage=92.400002
903.533 LOAD_SG pos=(35823.445313,466.262634,61785.156250)
897.083 SAVE_SG pos=(36796.242188,472.433289,64237.707031) quick
951.252 SAVE_SG pos=(35247.140625,451.137146,64713.312500) quick
994.539 SAVE_SG pos=(29793.492188,1295.557861,54075.636719) quick
1004.103 SAVE_SG pos=(32212.710938,1260.661011,51665.082031) quick
1021.079 SAVE_SG pos=(32705.765625,1270.202515,51493.742188) quick
1069.146 SAVE_SG pos=(38883.785156,1251.244629,47613.835938) quick
1115.430 DEATH pos=(44018.371094,1252.581665,46807.207031) damage=92.400002
1119.003 LOAD_SG pos=(44057.726563,1269.146973,46752.789063)
1211.917 SAVE_SG pos=(39050.695313,1255.825562,46139.835938) quick
1260.922 SAVE_SG pos=(36135.601563,2803.227783,42164.890625) quick
1312.303 SAVE_SG pos=(33565.199219,3008.658691,42938.378906) quick
1383.529 SAVE_SG pos=(27984.896484,1001.014587,42292.093750) quick
1446.858 FINISHED LEVEL success
1446.971 END Valley
