0.000 LOADED Terrain_5
94.809 FINISHED LEVEL failure
95.849 LOAD_SG pos=(12356.323242,2434.338623,65378.734375)
29.845 SAVE_SG pos=(11723.783203,2787.630859,66393.960938) quick
81.543 DEATH pos=(12164.135742,2459.885498,62107.757813) damage=750.000000
81.677 FINISHED LEVEL failure
83.474 LOAD_SG pos=(12294.541016,2473.701172,62049.394531)
59.194 SAVE_SG pos=(11928.923828,3063.202637,63915.894531) quick
86.983 SAVE_SG pos=(15687.218750,1802.945679,59609.128906) quick
87.073 SAVE_SG pos=(15722.930664,1802.945679,59625.910156) quick
135.043 SAVE_SG pos=(15584.948242,1332.942505,56692.121094) quick
174.268 SAVE_SG pos=(21336.238281,1163.687744,54604.179688) quick
188.397 SAVE_SG pos=(23959.591797,615.256775,52708.515625) quick
211.329 SAVE_SG pos=(22370.236328,1010.417236,56136.445313) quick
214.542 SAVE_SG pos=(22854.039063,1546.424194,57127.433594) quick
229.226 SAVE_SG pos=(23806.953125,3021.958008,56909.472656) quick
240.449 SAVE_SG pos=(24321.480469,2579.156494,56296.882813) quick
279.796 FINISHED LEVEL failure
280.809 LOAD_SG pos=(24321.480469,2579.156494,56296.882813)
409.879 SAVE_SG pos=(24274.720703,2597.050781,56352.203125) quick
464.442 SAVE_SG pos=(24368.187500,2563.593994,56298.054688) quick
468.648 SAVE_SG pos=(24396.400391,2529.847900,56200.355469) quick
485.889 DEATH pos=(25091.316406,2027.359863,55585.652344) damage=100.800003
514.261 LOAD_SG pos=(25022.121094,2043.303101,55578.613281)
496.525 DEATH pos=(26553.478516,1584.093384,52503.558594) damage=100.800003
504.313 LOAD_SG pos=(26562.804688,1592.249634,52584.683594)
484.770 DEATH pos=(26797.417969,1569.239258,52549.109375) damage=87.882584
494.901 LOAD_SG pos=(26812.636719,1578.628174,52627.523438)
492.010 SAVE_SG pos=(26796.277344,1570.280762,52363.328125) quick
529.857 SAVE_SG pos=(26485.656250,1216.402100,52258.042969) quick
548.554 SAVE_SG pos=(26599.347656,779.634277,48877.183594) quick
620.680 SAVE_SG pos=(26844.671875,572.491028,47579.734375) quick
638.168 SAVE_SG pos=(26394.082031,588.700256,47274.859375) quick
653.435 SAVE_SG pos=(26023.873047,670.643066,47466.750000) quick
697.141 SAVE_SG pos=(22671.898438,726.218445,42088.312500) quick
707.432 SAVE_SG pos=(21772.431641,724.336304,40133.816406) quick
768.791 SAVE_SG pos=(17680.707031,823.283630,31013.132813) quick
808.988 SAVE_SG pos=(14258.942383,1473.923096,21138.312500) quick
824.916 FINISHED LEVEL success
825.892 END Canyon
