0.000 LOADED Mine
0.026 LOAD_SG pos=(48527.746094,3344.435059,48773.789063)
425.915 DEATH pos=(53778.015625,3824.320068,37864.710938) damage=353.285126
430.698 LOAD_SG pos=(53836.238281,3831.725586,37872.554688)
408.774 DEATH pos=(53678.257813,3797.187012,37902.195313) damage=349.988953
412.676 LOAD_SG pos=(53700.894531,3815.316650,37892.488281)
504.950 DEATH pos=(53049.347656,3636.895020,38453.679688) damage=357.689453
508.100 LOAD_SG pos=(53087.582031,3642.185547,38408.789063)
461.632 DEATH pos=(53758.054688,3752.609619,38100.105469) damage=33.600002
479.898 LOAD_SG pos=(53807.199219,3779.803711,38098.796875)
417.597 DEATH pos=(53887.878906,3809.084717,37900.179688) damage=353.721436
422.051 LOAD_SG pos=(53955.621094,3813.578369,37910.746094)
421.659 SAVE_SG pos=(53769.726563,3788.768311,37186.894531) quick
437.212 DEATH pos=(53804.554688,3800.529785,37227.316406) damage=26.863697
439.975 LOAD_SG pos=(53837.382813,3814.433838,37189.539063)
447.559 DEATH pos=(53834.406250,3796.825195,37163.789063) damage=27.464430
450.259 LOAD_SG pos=(53898.460938,3824.114502,37278.351563)
500.586 SAVE_SG pos=(56654.902344,2857.804199,32995.375000) quick
709.885 DEATH pos=(57200.757813,2739.034912,30978.351563) damage=173.600006
713.220 LOAD_SG pos=(57107.218750,2747.623535,30938.925781)
537.472 DEATH pos=(57176.062500,2723.944824,30603.216797) damage=27.204889
542.877 LOAD_SG pos=(57213.816406,2750.629639,30676.667969)
546.769 DEATH pos=(57182.042969,2762.449463,31241.644531) damage=25.200001
550.008 LOAD_SG pos=(57238.351563,2767.368164,31161.531250)
