0.000 LOADED Valley
171.643 SAVE_SG pos=(62692.027344,968.245117,18023.087891) quick
297.620 SAVE_SG pos=(73458.562500,453.182617,18471.250000) quick
454.571 DEATH pos=(76664.156250,659.832764,25023.173828) damage=434.065674
457.768 LOAD_SG pos=(76666.585938,694.351929,25001.615234)
460.917 DEATH pos=(76855.375000,1414.209473,21511.652344) damage=550.788940
464.475 LOAD_SG pos=(76939.703125,1429.832764,21524.410156)
466.381 SAVE_SG pos=(77042.843750,674.447632,25320.109375) quick
625.806 SAVE_SG pos=(65852.984375,1951.077148,17304.931641) quick
924.167 SAVE_SG pos=(82123.820313,1816.331543,28521.572266) quick
945.125 SAVE_SG pos=(85971.562500,1610.423096,31983.119141) quick
994.694 SAVE_SG pos=(85269.867188,827.072388,38437.421875) quick
1229.180 SAVE_SG pos=(86585.945313,976.898804,52919.683594) quick
1276.446 SAVE_SG pos=(86325.062500,858.644470,40528.863281) quick
1297.628 SAVE_SG pos=(81268.304688,701.783203,32365.066406) quick
1458.120 SAVE_SG pos=(67090.945313,469.077454,29338.513672) quick
1477.247 LOAD_SG pos=(68772.171875,355.507843,29808.289063)
1541.071 LOAD_SG pos=(68043.984375,359.405914,23143.681641)
1314.494 SAVE_SG pos=(80190.250000,999.613037,30057.417969) quick
1315.994 SAVE_SG pos=(80190.250000,999.613037,30057.417969) quick
1321.980 SAVE_SG pos=(81062.406250,868.033264,31644.931641) quick
1340.311 SAVE_SG pos=(85700.546875,826.284546,39230.687500) quick
1390.637 LOAD_SG pos=(89378.835938,656.407349,52359.578125)
1364.779 SAVE_SG pos=(81386.648438,696.451416,32354.316406) quick
1613.122 DEATH pos=(50547.453125,2357.085938,18878.208984) damage=4000.000000
1616.552 LOAD_SG pos=(50452.527344,1779.973633,18871.244141)
1408.546 SAVE_SG pos=(84857.585938,837.480286,38743.968750) quick
1432.554 SAVE_SG pos=(81061.796875,740.734497,32340.640625) quick
1512.959 DEATH pos=(73686.742188,767.029663,23575.857422) damage=420.341766
1516.105 LOAD_SG pos=(73708.328125,781.266052,23625.751953)
1456.228 SAVE_SG pos=(85533.070313,823.101685,39342.363281) quick
1572.975 SAVE_SG pos=(90885.375000,804.660339,39633.648438) quick
1620.241 SAVE_SG pos=(85884.046875,1696.247314,32610.490234) quick
1661.840 DEATH pos=(85145.093750,1198.600830,22966.775391) damage=262.334015
1666.686 LOAD_SG pos=(84961.929688,1025.369385,22924.654297)
1637.466 SAVE_SG pos=(82075.757813,958.437988,32419.679688) quick
1840.551 SAVE_SG pos=(52234.515625,3227.182129,19402.634766) quick
1852.685 DEATH pos=(50518.644531,2347.856201,18361.097656) damage=4000.000000
1855.564 LOAD_SG pos=(50502.546875,1710.699707,18335.330078)
1882.975 DEATH pos=(50384.375000,2297.621338,17907.453125) damage=4000.000000
1887.030 LOAD_SG pos=(50090.609375,1619.565552,17849.417969)
1862.467 DEATH pos=(50671.632813,767.838318,15481.520508) damage=4000.000000
1867.937 END Valley
