0.000 LOADED Dam
0.044 LOAD_SG pos=(34024.042969,2493.722412,51256.183594)
53.142 SAVE_SG pos=(34017.828125,2491.888672,51283.070313) quick
212.259 SAVE_SG pos=(34032.058594,2529.314209,51136.605469) quick
245.119 FINISHED LEVEL failure
246.141 LOAD_SG pos=(34032.058594,2529.314209,51136.605469)
253.376 SAVE_SG pos=(33941.132813,2497.777832,51135.136719) quick
260.350 SAVE_SG pos=(33066.554688,2359.348877,51022.554688) quick
277.245 SAVE_SG pos=(32016.837891,2411.152832,50351.371094) quick
313.588 FINISHED LEVEL failure
314.613 LOAD_SG pos=(30980.255859,2498.405518,50774.835938)
323.124 FINISHED LEVEL failure
324.150 LOAD_SG pos=(31336.273438,2537.418945,50133.351563)
296.616 SAVE_SG pos=(31528.216797,2433.298584,50044.773438) quick
324.727 SAVE_SG pos=(31528.216797,2433.316895,50044.773438) quick
380.797 SAVE_SG pos=(30926.964844,2503.958496,50660.910156) quick
410.955 SAVE_SG pos=(30937.298828,2514.695313,50842.792969) quick
568.685 SAVE_SG pos=(30516.095703,2577.972900,50824.859375) quick
636.232 SAVE_SG pos=(30454.574219,2469.761719,49894.250000) quick
653.448 DEATH pos=(30590.146484,2470.105957,49699.394531) damage=180.000000
655.670 LOAD_SG pos=(30609.746094,2482.209717,49700.816406)
689.400 SAVE_SG pos=(31738.949219,2449.407715,49936.394531) quick
745.937 DEATH pos=(31812.240234,2438.886719,49411.417969) damage=697.139038
746.285 FINISHED LEVEL failure
748.000 LOAD_SG pos=(31872.441406,2455.326660,49436.601563)
783.724 SAVE_SG pos=(32065.273438,2429.544189,49485.300781) quick
804.812 FINISHED LEVEL failure
805.825 LOAD_SG pos=(31736.220703,2459.962891,48945.617188)
795.047 SAVE_SG pos=(32074.734375,2433.325195,49411.406250) quick
820.678 FINISHED LEVEL failure
821.684 LOAD_SG pos=(31606.146484,2469.806152,48833.460938)
898.367 FINISHED LEVEL failure
899.399 LOAD_SG pos=(31691.806641,2463.207764,48848.640625)
910.957 SAVE_SG pos=(31407.460938,2477.837402,48787.941406) quick
985.862 SAVE_SG pos=(30987.365234,2511.457031,48214.152344) quick
987.564 SAVE_SG pos=(30999.734375,2516.193848,48156.703125) quick
1107.172 FINISHED LEVEL failure
1108.192 LOAD_SG pos=(27539.376953,2471.064697,47977.203125)
1033.492 FINISHED LEVEL failure
1034.532 LOAD_SG pos=(27637.662109,2481.071777,47704.058594)
1079.725 FINISHED LEVEL failure
1080.733 LOAD_SG pos=(25546.613281,2690.052246,44638.902344)
1016.857 SAVE_SG pos=(24649.013672,2462.964355,44569.828125) quick
1026.351 FINISHED LEVEL failure
1027.388 LOAD_SG pos=(24680.531250,2506.974854,44704.316406)
1018.273 SAVE_SG pos=(24408.337891,2405.503174,44651.230469) quick
1042.588 SAVE_SG pos=(21729.986328,2324.081543,46264.445313) quick
1064.975 DEATH pos=(22322.712891,2360.627930,46900.773438) damage=1652.028809
1067.616 LOAD_SG pos=(22283.976563,2401.866455,46911.664063)
1138.753 DEATH pos=(24180.455078,2308.352051,48633.503906) damage=76.864883
1140.817 LOAD_SG pos=(24176.611328,2366.979492,48644.636719)
1087.099 SAVE_SG pos=(21843.216797,2518.612549,44059.691406) quick
1152.728 SAVE_SG pos=(20678.830078,2753.169434,44996.562500) quick
1178.484 SAVE_SG pos=(18607.697266,2790.307617,45988.289063) quick
1244.608 SAVE_SG pos=(17271.664063,2783.045410,46037.843750) quick
1450.237 SAVE_SG pos=(16210.885742,2794.036865,42408.085938) quick
1522.603 FINISHED LEVEL failure
1523.608 LOAD_SG pos=(14034.166016,3118.144287,44754.183594)
1496.256 SAVE_SG pos=(10799.407227,2876.777588,47665.914063) quick
1544.167 SAVE_SG pos=(10337.249023,3487.437256,46521.218750) quick
1597.730 SAVE_SG pos=(11478.650391,3654.268799,45503.769531) quick
1619.682 DEATH pos=(11644.582031,3655.230957,45454.937500) damage=70.560005
1630.970 LOAD_SG pos=(11598.096680,3667.603760,45465.699219)
1614.576 SAVE_SG pos=(11962.946289,3674.071045,44980.480469) quick
1651.109 DEATH pos=(11783.837891,3653.604980,45289.835938) damage=79.673393
1653.489 LOAD_SG pos=(11792.860352,3669.041504,45238.734375)
1658.695 DEATH pos=(11750.395508,3645.190674,45137.214844) damage=75.600006
1660.866 LOAD_SG pos=(11648.483398,3640.338135,45107.238281)
1697.026 SAVE_SG pos=(27821.412109,2467.188721,47317.222656) quick
1712.557 FINISHED LEVEL success
1714.508 END Dam2
