0.000 LOADED Mine
0.016 LOAD_SG pos=(48527.746094,3344.435059,48773.789063)
1635.878 DEATH pos=(56536.496094,2456.667969,9292.352539) damage=873.080872
1638.902 LOAD_SG pos=(56612.355469,2469.468262,9289.244141)
1625.396 DEATH pos=(56996.437500,2488.615967,9417.566406) damage=58.865025
1627.953 LOAD_SG pos=(57022.191406,2501.266357,9498.043945)
1640.145 DEATH pos=(56838.488281,2465.453369,9302.818359) damage=812.123718
1642.203 LOAD_SG pos=(56893.066406,2478.605957,9300.888672)
1616.734 DEATH pos=(57023.628906,2488.511963,9388.835938) damage=59.057735
1618.965 LOAD_SG pos=(56984.722656,2502.985596,9468.859375)
1622.775 SAVE_SG pos=(56985.789063,2488.579102,9390.197266) quick
1631.433 SAVE_SG pos=(56893.804688,2456.097168,9293.477539) quick
1639.723 DEATH pos=(56882.261719,2454.956299,9057.928711) damage=612.979797
1641.786 LOAD_SG pos=(56809.570313,2471.857422,9115.486328)
1694.413 DEATH pos=(54470.433594,2943.863525,9492.014648) damage=70.559998
1697.188 LOAD_SG pos=(54509.964844,2967.657227,9456.754883)
1693.118 SAVE_SG pos=(54568.988281,2943.864014,9638.288086) quick
1700.209 DEATH pos=(54510.710938,2943.865967,9492.239258) damage=70.559998
1702.306 LOAD_SG pos=(54467.941406,2977.529541,9495.576172)
1714.688 SAVE_SG pos=(54590.785156,2944.004639,9558.532227) quick
1736.757 SAVE_SG pos=(54273.417969,2479.480713,8137.263672) quick
1752.051 SAVE_SG pos=(51093.125000,2464.227783,8769.987305) quick
1772.131 DEATH pos=(51175.769531,2475.978516,9227.472656) damage=58.966221
1774.232 LOAD_SG pos=(51205.609375,2483.921631,9045.246094)
1761.418 SAVE_SG pos=(51162.398438,2464.064209,9032.486328) quick
1762.518 DEATH pos=(51162.398438,2464.064209,9032.487305) damage=395.736328
1765.000 LOAD_SG pos=(51212.777344,2482.769287,8995.380859)
1762.517 DEATH pos=(51156.144531,2464.075439,8951.037109) damage=298.312866
1764.557 LOAD_SG pos=(51238.851563,2477.388672,8754.631836)
1762.521 DEATH pos=(51137.859375,2578.507080,8917.706055) damage=247.815125
1765.341 LOAD_SG pos=(51098.535156,2480.664795,8874.779297)
1762.458 DEATH pos=(51149.058594,2464.086670,9000.255859) damage=320.541382
1763.696 END Mine
