0.000 LOADED Woodyard
62.605 SAVE_SG pos=(48178.730469,1081.396851,17973.597656) quick
98.583 SAVE_SG pos=(44944.492188,690.772156,26211.119141) quick
144.532 SAVE_SG pos=(38611.257813,990.014221,31731.720703) quick
173.535 SAVE_SG pos=(34747.507813,1144.377197,34524.882813) quick
209.296 SAVE_SG pos=(31984.904297,1139.948486,35153.355469) quick
229.986 SAVE_SG pos=(30636.896484,1236.107178,36148.433594) quick
248.044 SAVE_SG pos=(30593.896484,1236.104126,35977.226563) quick
285.516 DEATH pos=(30658.136719,1236.104126,35918.144531) damage=92.400002
288.901 LOAD_SG pos=(30698.566406,1254.039551,35965.449219)
259.016 SAVE_SG pos=(30641.021484,1236.104858,35964.878906) quick
296.772 DEATH pos=(30705.740234,1236.105225,35976.671875) damage=89.134895
298.950 LOAD_SG pos=(30694.988281,1256.969116,36044.140625)
272.786 SAVE_SG pos=(30672.531250,1236.103516,35850.238281) quick
284.175 SAVE_SG pos=(30672.531250,1236.103516,35850.238281) quick
404.660 SAVE_SG pos=(30556.125000,1236.590454,34092.078125) quick
424.500 SAVE_SG pos=(30556.125000,1236.590454,34092.078125) quick
425.053 SAVE_SG pos=(30556.125000,1236.590454,34092.078125) quick
443.242 SAVE_SG pos=(30650.164063,1143.858032,33958.019531) quick
487.443 SAVE_SG pos=(30277.750000,1012.363770,31638.449219) quick
516.872 SAVE_SG pos=(30900.240234,1120.248413,34223.964844) quick
552.434 SAVE_SG pos=(27177.861328,953.324219,32842.750000) quick
566.170 DEATH pos=(25246.746094,947.479004,33824.562500) damage=80.587860
568.392 LOAD_SG pos=(25299.791016,962.069885,33759.593750)
570.930 SAVE_SG pos=(25539.755859,945.692627,33659.714844) quick
593.570 DEATH pos=(25038.445313,861.837769,40008.886719) damage=132.000000
602.566 LOAD_SG pos=(24975.429688,860.146606,39909.796875)
583.118 SAVE_SG pos=(25167.773438,782.138794,38404.992188) quick
591.992 DEATH pos=(25281.232422,1150.761719,42040.507813) damage=132.000000
595.146 LOAD_SG pos=(25242.269531,1164.402344,42126.519531)
592.134 DEATH pos=(25224.324219,915.276855,40449.421875) damage=132.000000
595.015 LOAD_SG pos=(25307.757813,935.373352,40469.371094)
592.676 DEATH pos=(24659.949219,799.216736,39092.093750) damage=132.000000
594.792 LOAD_SG pos=(24716.601563,810.380676,39012.554688)
593.064 DEATH pos=(24666.550781,844.862671,38331.757813) damage=132.000000
595.674 LOAD_SG pos=(24649.642578,866.696228,38286.531250)
592.788 DEATH pos=(24964.097656,792.049744,38312.585938) damage=132.000000
594.832 LOAD_SG pos=(25013.138672,801.630920,38328.546875)
592.753 DEATH pos=(24857.392578,810.288940,38317.121094) damage=132.000000
595.017 LOAD_SG pos=(24948.470703,814.503723,38328.699219)
593.280 DEATH pos=(25074.162109,909.785034,35771.316406) damage=132.000000
595.295 LOAD_SG pos=(25075.417969,914.528503,35831.960938)
592.510 DEATH pos=(25886.384766,909.345886,35618.410156) damage=132.000000
594.560 LOAD_SG pos=(26031.142578,857.709534,35667.984375)
592.401 DEATH pos=(27119.574219,522.152222,34591.949219) damage=132.000000
595.150 LOAD_SG pos=(26870.457031,530.214600,34421.742188)
603.771 DEATH pos=(28397.234375,963.325195,32506.212891) damage=132.000000
606.635 LOAD_SG pos=(28444.226563,980.774048,32524.958984)
583.584 LOAD_SG pos=(25167.773438,782.138794,38404.992188)
585.312 SAVE_SG pos=(29500.988281,1109.264160,34934.832031) quick
611.987 DEATH pos=(29898.064453,1259.745605,42705.023438) damage=132.000000
614.018 LOAD_SG pos=(29852.353516,1285.005249,42725.296875)
624.835 DEATH pos=(31204.230469,1150.469604,38931.800781) damage=132.000000
626.844 LOAD_SG pos=(31235.437500,1172.781250,38867.050781)
613.281 DEATH pos=(31315.158203,1155.232788,39061.117188) damage=132.000000
616.776 LOAD_SG pos=(31362.580078,1171.372070,39095.792969)
605.106 DEATH pos=(31566.267578,1160.787109,43702.949219) damage=75.600006
607.212 LOAD_SG pos=(31168.787109,1133.723022,43954.761719)
585.916 LOAD_SG pos=(29512.509766,1106.010620,34985.882813)
315.052 SAVE_SG pos=(30379.796875,1236.558594,34216.128906) quick
334.707 DEATH pos=(30478.082031,1236.558594,34278.210938) damage=92.400002
336.785 LOAD_SG pos=(30421.845703,1252.900146,34302.910156)
323.520 SAVE_SG pos=(30555.404297,1236.558594,34160.371094) quick
332.372 SAVE_SG pos=(30555.404297,1236.558594,34160.371094) quick
367.876 SAVE_SG pos=(30492.595703,1236.558594,34211.597656) quick
411.917 SAVE_SG pos=(30381.091797,1236.622192,34445.722656) quick
448.838 DEATH pos=(30386.789063,1147.051147,33791.628906) damage=83.819641
450.926 LOAD_SG pos=(30436.097656,1159.677124,33866.839844)
443.470 SAVE_SG pos=(30714.044922,1138.611206,33954.707031) quick
510.491 SAVE_SG pos=(31057.271484,1150.034180,36199.101563) quick
530.475 DEATH pos=(31769.316406,1140.438599,43127.261719) damage=75.600006
539.054 LOAD_SG pos=(31648.490234,1160.375488,43385.550781)
552.243 SAVE_SG pos=(34532.941406,1225.660889,38069.789063) quick
595.696 DEATH pos=(30240.039063,1141.835938,37076.121094) damage=426.652985
598.215 LOAD_SG pos=(30234.949219,1163.190063,37010.773438)
573.668 DEATH pos=(30049.359375,1132.614502,38978.378906) damage=132.000000
577.364 LOAD_SG pos=(30049.171875,1164.025879,38959.664063)
561.711 SAVE_SG pos=(30119.513672,1129.875854,38745.726563) quick
572.677 DEATH pos=(30142.736328,1126.298828,38855.449219) damage=132.000000
574.908 LOAD_SG pos=(30157.910156,1143.454224,38933.234375)
578.916 DEATH pos=(30079.845703,1129.913818,38751.164063) damage=132.000000
582.200 LOAD_SG pos=(30149.439453,1142.539063,38716.171875)
580.997 DEATH pos=(27050.384766,1756.626099,48172.433594) damage=132.000000
583.506 LOAD_SG pos=(27134.138672,1866.906372,48593.574219)
581.641 SAVE_SG pos=(27664.806641,1930.133911,48176.781250) quick
583.456 DEATH pos=(28556.216797,2098.819336,48624.785156) damage=85.719254
585.575 LOAD_SG pos=(28850.658203,2096.871826,48527.140625)
585.506 DEATH pos=(27715.708984,1920.802734,48096.171875) damage=180.000000
588.181 LOAD_SG pos=(27483.398438,1897.544312,48285.140625)
585.829 DEATH pos=(27662.398438,1970.412720,48429.250000) damage=86.156502
588.065 LOAD_SG pos=(27633.058594,1981.562988,48464.046875)
585.403 DEATH pos=(27664.806641,1930.132690,48176.777344) damage=85.194466
588.095 LOAD_SG pos=(27535.615234,1867.459961,48097.539063)
586.529 DEATH pos=(27663.382813,1933.177124,48176.667969) damage=85.843048
588.555 LOAD_SG pos=(27688.042969,1943.543945,48153.046875)
585.157 DEATH pos=(27664.806641,1930.133911,48176.777344) damage=85.250084
588.547 LOAD_SG pos=(27653.621094,1936.882446,48181.503906)
585.855 DEATH pos=(27239.494141,1785.097412,48136.636719) damage=86.308380
588.037 LOAD_SG pos=(26919.175781,1733.597290,48051.730469)
587.527 DEATH pos=(28816.451172,1483.118042,50333.125000) damage=180.000000
590.389 LOAD_SG pos=(28905.269531,1345.374512,50836.234375)
585.552 DEATH pos=(28934.253906,2074.448975,49061.171875) damage=180.000000
589.995 LOAD_SG pos=(28928.259766,2087.087402,49026.703125)
585.887 DEATH pos=(28396.798828,1791.347778,47279.921875) damage=600.000000
589.070 END Woodyard
