0.000 LOADED Coast
102.463 SAVE_SG pos=(46462.875000,852.901611,23148.259766) quick
259.718 SAVE_SG pos=(53163.757813,842.333618,24758.279297) quick
363.213 SAVE_SG pos=(58638.968750,1293.977661,19181.187500) quick
380.812 SAVE_SG pos=(61083.265625,1279.614868,20302.171875) quick
520.073 DEATH pos=(73931.710938,722.927368,21723.769531) damage=100.800003
524.096 LOAD_SG pos=(73892.437500,782.313843,21733.109375)
472.802 SAVE_SG pos=(64728.453125,1273.462280,21778.511719) quick
492.760 SAVE_SG pos=(70239.382813,1356.479126,21437.792969) quick
545.623 DEATH pos=(70626.687500,1446.778442,21502.943359) damage=1165.864868
548.072 LOAD_SG pos=(70519.859375,1397.474365,21401.505859)
505.626 DEATH pos=(70345.093750,1494.881836,21716.568359) damage=1148.983154
508.429 LOAD_SG pos=(70273.312500,1458.015991,21587.232422)
505.657 DEATH pos=(70306.320313,1498.639038,21778.146484) damage=89.597076
507.967 LOAD_SG pos=(70241.609375,1499.469116,21809.359375)
511.859 DEATH pos=(70346.164063,1430.343750,21522.318359) damage=75.600006
514.277 LOAD_SG pos=(70374.156250,1454.004150,21529.781250)
507.082 SAVE_SG pos=(70789.539063,921.283691,20452.085938) quick
542.253 DEATH pos=(73431.640625,738.808167,21346.085938) damage=83.222656
545.318 LOAD_SG pos=(73458.046875,789.815247,21362.537109)
518.478 SAVE_SG pos=(71837.148438,767.125305,20109.962891) quick
617.532 SAVE_SG pos=(73283.054688,742.151367,21157.380859) quick
658.413 SAVE_SG pos=(74007.234375,721.480408,21477.414063) quick
722.341 SAVE_SG pos=(73832.523438,1043.068115,22549.322266) quick
820.562 DEATH pos=(77207.796875,971.434143,29035.828125) damage=81.659111
823.491 LOAD_SG pos=(77239.156250,994.966125,28994.097656)
746.545 SAVE_SG pos=(73780.671875,1098.601929,24234.855469) quick
762.565 DEATH pos=(73475.132813,1101.389526,25204.476563) damage=79.547737
764.718 LOAD_SG pos=(73479.031250,1117.936890,25124.710938)
790.156 SAVE_SG pos=(75760.570313,1283.853760,25104.205078) quick
822.812 SAVE_SG pos=(77048.117188,1068.234497,28471.109375) quick
830.680 DEATH pos=(76663.320313,1054.564453,30185.195313) damage=75.973503
833.576 LOAD_SG pos=(76715.968750,1045.112793,30089.443359)
855.426 DEATH pos=(77014.398438,1027.239990,30454.984375) damage=76.723831
858.941 LOAD_SG pos=(77023.187500,1039.895874,30525.273438)
867.448 DEATH pos=(75322.390625,1006.259827,29573.564453) damage=85.751953
870.149 LOAD_SG pos=(75392.484375,1026.856812,29530.281250)
849.033 DEATH pos=(75522.921875,1024.009155,28428.960938) damage=91.082047
852.014 LOAD_SG pos=(75563.859375,1040.850098,28425.816406)
835.821 SAVE_SG pos=(77057.562500,1059.339600,28502.437500) quick
849.514 DEATH pos=(76438.789063,1041.945923,28478.867188) damage=85.699806
852.724 LOAD_SG pos=(76344.304688,1033.095703,28477.558594)
916.192 DEATH pos=(76141.156250,1078.059814,28595.138672) damage=92.400002
919.069 LOAD_SG pos=(76181.601563,1101.914673,28570.558594)
850.864 DEATH pos=(76414.773438,1003.079590,28682.818359) damage=87.059898
853.491 LOAD_SG pos=(76333.898438,1012.245422,28620.048828)
855.924 SAVE_SG pos=(76279.031250,1025.315552,28553.994141) quick
856.764 SAVE_SG pos=(76279.031250,1025.315552,28553.994141) quick
886.458 DEATH pos=(76635.296875,1076.914429,28466.404297) damage=1103.229980
889.117 LOAD_SG pos=(76795.656250,1109.866211,28407.312500)
889.427 SAVE_SG pos=(75482.867188,996.624634,28798.972656) quick
910.725 DEATH pos=(74724.312500,998.777832,28734.328125) damage=91.378159
913.172 LOAD_SG pos=(74806.203125,1011.401489,28718.957031)
900.834 SAVE_SG pos=(74754.960938,996.435913,28362.921875) quick
905.555 SAVE_SG pos=(74646.101563,997.469971,28272.261719) quick
940.064 SAVE_SG pos=(74463.726563,998.247925,28152.703125) quick
1001.345 DEATH pos=(70613.468750,836.549194,26174.732422) damage=433.831146
1003.437 LOAD_SG pos=(70538.156250,862.170471,26187.267578)
976.387 SAVE_SG pos=(76408.585938,1273.369019,26850.250000) quick
989.355 SAVE_SG pos=(93533.640625,1067.639160,26411.181641) quick
1063.969 SAVE_SG pos=(92576.523438,1205.533447,27273.671875) quick
1064.328 SAVE_SG pos=(92576.523438,1205.533447,27273.671875) quick
1064.432 SAVE_SG pos=(92576.523438,1205.533447,27273.671875) quick
1100.939 SAVE_SG pos=(90060.921875,960.691895,28951.367188) quick
1178.865 FINISHED LEVEL success
1180.826 END Terrain_2
