0.000 LOADED Mine
0.026 LOAD_SG pos=(48527.746094,3344.435059,48773.789063)
1460.371 DEATH pos=(61470.246094,2464.075684,11320.633789) damage=100.800003
1465.959 LOAD_SG pos=(61480.480469,2477.404785,11371.824219)
1423.301 SAVE_SG pos=(61520.402344,2464.419189,11417.291992) quick
1541.521 DEATH pos=(61019.703125,2500.972900,9040.713867) damage=91.640823
1546.767 LOAD_SG pos=(61002.542969,2513.291748,9131.331055)
1438.907 SAVE_SG pos=(60882.683594,2463.265137,9948.636719) quick
1445.576 SAVE_SG pos=(60882.683594,2463.265137,9948.636719) quick
1523.827 DEATH pos=(59793.652344,2826.915039,8510.020508) damage=70.559998
1526.632 LOAD_SG pos=(59950.738281,2822.336670,8543.610352)
1458.539 SAVE_SG pos=(61111.609375,2497.709717,6745.061523) quick
1554.260 SAVE_SG pos=(60629.652344,2459.022217,8854.036133) quick
1554.791 SAVE_SG pos=(60629.652344,2459.022217,8854.036133) quick
1583.962 SAVE_SG pos=(58518.398438,2462.046631,8575.808594) quick
1637.734 DEATH pos=(57123.316406,2462.608887,9058.060547) damage=63.418758
1639.819 LOAD_SG pos=(57094.882813,2478.178711,9118.365234)
1644.060 DEATH pos=(56662.269531,2458.797119,8954.488281) damage=286.671875
1646.111 LOAD_SG pos=(56487.199219,2492.870850,8643.226563)
1601.019 SAVE_SG pos=(56899.773438,2488.468750,9382.587891) quick
1614.556 DEATH pos=(56474.371094,2461.906250,8665.864258) damage=63.588882
1618.868 LOAD_SG pos=(56563.531250,2472.861816,8659.475586)
1620.442 DEATH pos=(57022.699219,2488.468750,9389.682617) damage=59.035667
1622.508 LOAD_SG pos=(57014.082031,2502.949951,9459.435547)
1653.094 SAVE_SG pos=(54797.390625,2454.894043,8872.625000) quick
1654.650 DEATH pos=(54787.609375,2457.149414,8955.411133) damage=580.793762
1656.682 LOAD_SG pos=(54796.683594,2473.771484,9028.621094)
1654.826 DEATH pos=(54913.875000,2461.873291,9057.907227) damage=487.653107
1656.847 LOAD_SG pos=(55040.585938,2476.953857,9374.717773)
1654.679 DEATH pos=(54788.492188,2459.244385,9006.816406) damage=497.869263
1656.908 LOAD_SG pos=(54791.703125,2474.547607,9108.369141)
1654.803 DEATH pos=(54813.917969,2460.836426,9052.417969) damage=655.274597
1656.841 LOAD_SG pos=(54820.746094,2473.649414,9185.581055)
1654.851 DEATH pos=(54761.417969,2462.236572,9083.987305) damage=472.463165
1657.048 LOAD_SG pos=(54694.257813,2476.569336,9299.749023)
1654.689 DEATH pos=(54797.625000,2454.892334,8870.394531) damage=659.669922
1657.173 END Mine
