0.000 LOADED Ruins
33.914 SAVE_SG pos=(64566.312500,5059.264648,46481.750000) quick
47.733 SAVE_SG pos=(63136.402344,4936.830566,47941.230469) quick
65.168 FINISHED LEVEL failure
66.187 LOAD_SG pos=(62623.808594,4940.723633,47944.468750)
61.320 FINISHED LEVEL failure
62.357 LOAD_SG pos=(62655.414063,4941.061035,47944.726563)
98.659 SAVE_SG pos=(61052.457031,4915.949707,48146.785156) quick
130.444 SAVE_SG pos=(61225.984375,4872.153809,47953.062500) quick
143.914 SAVE_SG pos=(61239.488281,4871.937988,47902.238281) quick
193.955 SAVE_SG pos=(60580.636719,4980.455078,46801.171875) quick
195.808 SAVE_SG pos=(60580.632813,4980.455078,46801.171875) quick
198.800 SAVE_SG pos=(60580.632813,4980.455078,46801.171875) quick
237.032 SAVE_SG pos=(60315.570313,4941.422363,46015.542969) quick
273.426 FINISHED LEVEL failure
274.427 LOAD_SG pos=(60990.808594,4941.411133,45708.824219)
248.102 FINISHED LEVEL failure
249.106 LOAD_SG pos=(60908.140625,4962.240234,45966.148438)
256.764 FINISHED LEVEL failure
257.793 LOAD_SG pos=(60938.812500,4941.413086,45896.640625)
250.707 FINISHED LEVEL failure
251.708 LOAD_SG pos=(60929.890625,4941.415039,45890.351563)
243.717 SAVE_SG pos=(60738.867188,4941.416016,45897.898438) quick
264.272 SAVE_SG pos=(60913.945313,4941.413086,45882.636719) quick
298.192 SAVE_SG pos=(62174.871094,4941.423340,45944.378906) quick
302.434 FINISHED LEVEL failure
303.465 LOAD_SG pos=(62174.871094,4941.420898,45944.378906)
302.300 FINISHED LEVEL failure
303.314 LOAD_SG pos=(62174.871094,4941.420898,45944.378906)
303.016 FINISHED LEVEL failure
304.050 LOAD_SG pos=(62174.871094,4941.237305,45944.378906)
324.782 SAVE_SG pos=(62174.589844,4941.423340,45983.269531) quick
390.558 DEATH pos=(58864.277344,5280.977051,44007.472656) damage=92.400002
390.949 FINISHED LEVEL failure
392.497 LOAD_SG pos=(58798.726563,5195.623535,43988.617188)
362.371 SAVE_SG pos=(61108.226563,4985.250977,44635.468750) quick
464.397 SAVE_SG pos=(57235.144531,5530.698242,44331.500000) quick
500.197 DEATH pos=(56554.472656,5124.430664,44119.468750) damage=92.400002
502.700 LOAD_SG pos=(56505.261719,5145.460938,44053.210938)
505.673 SAVE_SG pos=(56883.542969,4941.300293,44561.984375) quick
512.191 DEATH pos=(56761.699219,4941.300293,44556.253906) damage=92.400002
514.292 LOAD_SG pos=(56800.640625,4954.843750,44504.652344)
562.557 SAVE_SG pos=(56764.941406,5034.448242,45010.117188) quick
596.478 SAVE_SG pos=(56541.960938,5124.506348,44197.160156) quick
609.360 SAVE_SG pos=(54731.718750,5336.798340,43679.410156) quick
616.433 SAVE_SG pos=(54532.625000,5396.815918,43679.507813) quick
634.962 SAVE_SG pos=(54211.652344,5406.883301,45527.281250) quick
738.003 SAVE_SG pos=(53677.617188,5380.627441,46555.937500) quick
757.371 SAVE_SG pos=(52165.980469,5588.603027,46698.847656) quick
777.116 FINISHED LEVEL failure
778.158 LOAD_SG pos=(51757.109375,5847.773438,46481.730469)
779.107 FINISHED LEVEL failure
780.129 LOAD_SG pos=(51964.617188,5658.789063,46826.679688)
764.864 SAVE_SG pos=(51946.906250,5658.940918,46801.707031) quick
779.295 FINISHED LEVEL failure
780.310 LOAD_SG pos=(51946.906250,5658.940918,46801.707031)
776.972 FINISHED LEVEL failure
777.994 LOAD_SG pos=(51946.906250,5658.940918,46801.707031)
779.375 FINISHED LEVEL failure
780.396 LOAD_SG pos=(51946.906250,5658.940918,46801.707031)
787.000 FINISHED LEVEL failure
788.021 LOAD_SG pos=(51946.906250,5658.780762,46801.707031)
779.135 FINISHED LEVEL failure
780.137 LOAD_SG pos=(51946.906250,5658.940918,46801.707031)
848.509 FINISHED LEVEL failure
849.528 LOAD_SG pos=(51863.414063,6100.751953,45133.015625)
779.872 FINISHED LEVEL failure
780.897 LOAD_SG pos=(51973.718750,5658.940918,46794.957031)
809.859 SAVE_SG pos=(52316.527344,6087.000488,45710.296875) quick
885.027 SAVE_SG pos=(53157.191406,6106.564941,43154.128906) quick
917.660 SAVE_SG pos=(53895.906250,6878.427246,42381.992188) quick
932.699 SAVE_SG pos=(55703.984375,6964.177734,43392.156250) quick
992.086 FINISHED LEVEL failure
993.097 LOAD_SG pos=(55817.535156,6964.112793,43916.882813)
943.730 FINISHED LEVEL failure
944.738 LOAD_SG pos=(55779.750000,6964.022949,43993.632813)
946.088 FINISHED LEVEL failure
947.143 LOAD_SG pos=(55786.468750,6964.108887,44056.921875)
938.623 SAVE_SG pos=(55764.437500,6964.011230,43997.863281) quick
945.707 FINISHED LEVEL failure
946.723 LOAD_SG pos=(55764.453125,6964.011230,44001.765625)
970.565 FINISHED LEVEL success
970.565 END (null)
