0.000 LOADED Terrain_3
0.040 LOAD_SG pos=(65341.214844,3303.996338,61041.664063)
293.030 DEATH pos=(51321.082031,4097.150879,53705.378906) damage=25.200001
296.421 LOAD_SG pos=(51390.671875,4110.367188,53705.464844)
732.232 DEATH pos=(44429.664063,2530.164063,61339.257813) damage=28.954514
735.544 LOAD_SG pos=(44478.265625,2542.992188,61320.226563)
474.530 DEATH pos=(42973.031250,2885.727051,63036.988281) damage=25.200001
477.344 LOAD_SG pos=(42942.746094,2915.337158,63084.359375)
353.463 SAVE_SG pos=(52263.195313,2473.915527,58533.738281) quick
476.499 SAVE_SG pos=(45230.101563,2432.070313,61430.066406) quick
528.900 DEATH pos=(42031.605469,2999.759277,62931.164063) damage=25.200001
532.236 LOAD_SG pos=(42008.496094,3018.684082,62944.832031)
511.028 SAVE_SG pos=(41419.308594,3423.851074,64488.718750) quick
726.980 SAVE_SG pos=(41508.664063,3411.412354,63819.476563) quick
729.203 DEATH pos=(41508.664063,3411.412354,63819.476563) damage=361.724457
732.675 LOAD_SG pos=(41516.710938,3431.028564,63843.074219)
735.075 SAVE_SG pos=(41118.464844,3411.519287,64030.738281) quick
736.621 SAVE_SG pos=(41118.464844,3411.519287,64030.738281) quick
736.715 SAVE_SG pos=(41118.464844,3411.519287,64030.738281) quick
736.718 SAVE_SG pos=(41118.464844,3411.519287,64030.738281) quick
737.394 SAVE_SG pos=(41118.464844,3411.519287,64030.738281) quick
819.168 SAVE_SG pos=(41535.757813,3411.464355,64170.714844) quick
887.984 SAVE_SG pos=(41447.910156,3411.419922,63799.390625) quick
889.476 SAVE_SG pos=(41447.910156,3411.419922,63799.390625) quick
914.434 SAVE_SG pos=(41421.839844,3411.416016,63752.300781) quick
914.787 SAVE_SG pos=(41421.839844,3411.416016,63752.300781) quick
914.943 SAVE_SG pos=(41421.839844,3411.416016,63752.300781) quick
1258.874 SAVE_SG pos=(40096.058594,3374.256592,63616.058594) quick
1381.887 SAVE_SG pos=(39414.777344,3082.592773,59142.589844) quick
1710.952 SAVE_SG pos=(44058.839844,3797.384277,45256.136719) quick
1768.172 FINISHED LEVEL success
1768.243 END Dam
