0.000 LOADED Mine
0.012 LOAD_SG pos=(48527.746094,3344.435059,48773.789063)
454.905 DEATH pos=(56636.363281,3897.493164,36220.460938) damage=100.800003
457.035 LOAD_SG pos=(56992.539063,3939.281494,36535.730469)
419.638 DEATH pos=(56437.871094,3868.860352,35811.988281) damage=75.600006
421.802 LOAD_SG pos=(56634.160156,3868.720703,35990.207031)
418.696 SAVE_SG pos=(56514.593750,3900.999512,36265.214844) quick
436.762 SAVE_SG pos=(57037.867188,3895.757568,35861.433594) quick
451.987 DEATH pos=(57030.429688,3880.993408,35712.781250) damage=75.600006
454.030 LOAD_SG pos=(57056.468750,3886.159424,35770.468750)
447.749 DEATH pos=(57053.265625,3873.263916,35806.773438) damage=100.800003
449.823 LOAD_SG pos=(57097.390625,3910.518066,35777.007813)
459.173 DEATH pos=(57045.679688,3868.257324,35923.593750) damage=97.625076
461.417 LOAD_SG pos=(57012.105469,3912.435059,35907.761719)
446.766 DEATH pos=(57044.812500,3886.019287,35862.492188) damage=100.800003
449.094 LOAD_SG pos=(56996.921875,3913.540283,35866.898438)
453.302 SAVE_SG pos=(56603.171875,3847.959717,35269.355469) quick
583.287 DEATH pos=(56646.625000,3847.886963,35342.304688) damage=86.775497
586.201 LOAD_SG pos=(56626.562500,3865.659180,35263.195313)
504.203 DEATH pos=(56349.910156,3847.798584,35590.929688) damage=100.800003
506.276 LOAD_SG pos=(56305.519531,3868.733887,35531.195313)
462.670 DEATH pos=(56632.769531,3847.983887,35329.839844) damage=75.600006
464.823 LOAD_SG pos=(56683.609375,3869.912842,35286.042969)
595.623 SAVE_SG pos=(56725.140625,3851.789063,35583.066406) quick
626.215 SAVE_SG pos=(56029.253906,3848.148926,36322.207031) quick
678.411 DEATH pos=(55968.394531,3848.508789,36479.457031) damage=75.600006
681.204 LOAD_SG pos=(55968.800781,3870.856934,36428.324219)
651.932 SAVE_SG pos=(56029.253906,3848.148926,36322.207031) quick
659.792 SAVE_SG pos=(55447.781250,3848.478516,36713.867188) quick
726.967 SAVE_SG pos=(52016.828125,3806.647705,39097.585938) quick
738.712 SAVE_SG pos=(51021.289063,3849.413086,39271.578125) quick
837.165 SAVE_SG pos=(53668.070313,2866.781250,35911.015625) quick
870.240 SAVE_SG pos=(56524.660156,2866.052246,33737.656250) quick
916.447 SAVE_SG pos=(57399.128906,1774.965820,23980.820313) quick
951.375 SAVE_SG pos=(57649.785156,1821.034180,23774.138672) quick
962.231 SAVE_SG pos=(57725.488281,1835.684082,23724.785156) quick
1066.025 SAVE_SG pos=(60104.050781,1749.852295,12790.716797) quick
1089.768 SAVE_SG pos=(58104.113281,1812.210938,10906.430664) quick
1112.325 SAVE_SG pos=(58239.246094,1849.923584,11154.695313) quick
1154.597 SAVE_SG pos=(58213.988281,1842.265381,11074.073242) quick
1164.001 DEATH pos=(58177.257813,1822.812744,10837.801758) damage=100.800003
1166.091 LOAD_SG pos=(58046.921875,1819.323486,10853.950195)
1263.093 DEATH pos=(59802.167969,2139.905518,11017.234375) damage=100.800003
1265.118 LOAD_SG pos=(59730.707031,2140.837891,11062.348633)
1164.231 DEATH pos=(58347.675781,1860.408569,10937.506836) damage=100.800003
1166.336 LOAD_SG pos=(58244.074219,1853.115967,10956.144531)
1173.721 DEATH pos=(58223.218750,1839.293091,10987.385742) damage=100.800003
1175.951 LOAD_SG pos=(58115.636719,1832.144043,10995.120117)
1182.618 DEATH pos=(56467.238281,1752.620117,11652.478516) damage=100.800003
1184.810 LOAD_SG pos=(56431.171875,1767.223755,11642.752930)
1189.360 DEATH pos=(56423.375000,1755.256958,11658.417969) damage=100.800003
1191.511 LOAD_SG pos=(56388.511719,1766.990356,11595.759766)
1162.873 SAVE_SG pos=(58142.828125,1754.587891,11585.048828) quick
1199.580 DEATH pos=(56362.566406,1750.419678,11442.839844) damage=100.800003
1201.842 LOAD_SG pos=(56364.468750,1768.267334,11397.927734)
1246.613 SAVE_SG pos=(56378.070313,1756.586792,11146.322266) quick
1389.473 DEATH pos=(59733.105469,2129.003418,11066.911133) damage=157.849060
1391.509 LOAD_SG pos=(59843.019531,2161.708008,11000.084961)
1272.739 DEATH pos=(60001.636719,2188.832520,11270.269531) damage=100.800003
1277.884 LOAD_SG pos=(59908.644531,2186.379395,11246.423828)
1297.729 SAVE_SG pos=(60345.097656,2255.819092,11318.022461) quick
1350.965 SAVE_SG pos=(60248.902344,2241.493164,11383.902344) quick
1375.710 DEATH pos=(60436.402344,2278.904297,11428.174805) damage=85.153038
1377.888 LOAD_SG pos=(60421.316406,2296.362549,11315.458008)
1380.347 SAVE_SG pos=(61204.707031,2422.123779,11381.825195) quick
1392.473 DEATH pos=(61042.152344,2393.521973,11425.655273) damage=86.027931
1394.641 LOAD_SG pos=(61053.023438,2412.005859,11499.543945)
1383.561 END Mine
