0.000 LOADED Level001
138.570 SAVE_SG pos=(66072.601563,1258.685059,72227.687500) quick
297.319 SAVE_SG pos=(60978.789063,2355.169189,72649.093750) quick
300.857 SAVE_SG pos=(60978.789063,2355.169189,72649.093750) quick
320.588 SAVE_SG pos=(60978.156250,2326.008545,72597.617188) quick
354.745 DEATH pos=(60505.339844,2321.003418,72569.054688) damage=92.400002
358.136 LOAD_SG pos=(60574.289063,2311.321533,72533.476563)
440.791 DEATH pos=(59924.750000,1658.674438,72602.679688) damage=90.197830
443.718 LOAD_SG pos=(59991.773438,1678.425415,72641.046875)
361.021 DEATH pos=(60520.281250,2320.336670,72568.765625) damage=92.400002
363.824 LOAD_SG pos=(60534.484375,2261.781738,72464.125000)
331.273 DEATH pos=(60504.761719,2322.949219,72572.492188) damage=85.174202
335.052 LOAD_SG pos=(60488.507813,2272.791260,72471.398438)
342.726 DEATH pos=(60618.058594,2350.848145,72626.546875) damage=84.896736
345.738 LOAD_SG pos=(60601.734375,2353.881592,72615.203125)
388.104 DEATH pos=(61526.941406,2035.762451,72420.382813) damage=75.600006
391.032 LOAD_SG pos=(61450.210938,2023.485718,72390.812500)
337.996 DEATH pos=(61697.656250,2103.639893,72342.312500) damage=89.830902
340.573 LOAD_SG pos=(61719.019531,2127.013428,72346.023438)
322.769 DEATH pos=(60978.136719,2323.525146,72596.781250) damage=75.600006
325.495 LOAD_SG pos=(60939.132813,2239.514404,72441.062500)
322.138 DEATH pos=(60978.136719,2323.525879,72596.781250) damage=75.600006
325.563 LOAD_SG pos=(60875.695313,2219.177490,72397.125000)
346.928 SAVE_SG pos=(61481.914063,2017.835693,72453.164063) quick
352.717 DEATH pos=(61483.507813,2018.466064,72581.421875) damage=75.600006
355.005 LOAD_SG pos=(61480.984375,2033.673218,72606.304688)
377.810 DEATH pos=(61429.382813,1996.922241,72643.640625) damage=91.312439
380.051 LOAD_SG pos=(61361.160156,1982.732056,72613.945313)
391.206 SAVE_SG pos=(61493.718750,2021.867432,72265.960938) quick
439.880 SAVE_SG pos=(61472.570313,2014.094727,73007.820313) quick
471.054 DEATH pos=(61406.035156,1987.597046,73069.515625) damage=84.755600
473.802 LOAD_SG pos=(61394.492188,1993.521484,73009.109375)
484.856 DEATH pos=(61351.863281,1965.343018,73003.304688) damage=82.873947
486.927 LOAD_SG pos=(61341.566406,1973.696411,72917.078125)
462.981 DEATH pos=(61370.445313,1973.454224,73092.742188) damage=75.600006
465.139 LOAD_SG pos=(61328.144531,1975.818481,73088.546875)
459.015 DEATH pos=(61374.210938,1974.974854,73085.031250) damage=75.600006
461.491 LOAD_SG pos=(61328.492188,1974.530518,73081.023438)
461.305 SAVE_SG pos=(61389.093750,1980.868286,72948.476563) quick
493.085 DEATH pos=(61335.621094,1959.578003,73124.789063) damage=75.600006
495.198 LOAD_SG pos=(61347.769531,1980.350220,73110.726563)
474.278 DEATH pos=(61338.429688,1960.705933,73075.984375) damage=92.400002
476.422 LOAD_SG pos=(61320.523438,1976.164795,73067.390625)
483.679 DEATH pos=(61846.082031,2144.214844,72277.812500) damage=75.600006
486.066 LOAD_SG pos=(61814.785156,1512.505249,72139.648438)
469.292 SAVE_SG pos=(61615.476563,2070.925293,72375.218750) quick
486.746 DEATH pos=(61792.808594,2141.503906,72271.742188) damage=75.600006
488.902 LOAD_SG pos=(61660.292969,1915.336548,72199.351563)
483.280 SAVE_SG pos=(61754.890625,2126.405029,72288.414063) quick
513.955 DEATH pos=(61739.519531,1796.857910,72210.710938) damage=1184.583740
516.052 LOAD_SG pos=(61745.617188,1246.631836,72204.085938)
489.137 DEATH pos=(61325.093750,1806.278076,72205.648438) damage=1184.583740
491.299 LOAD_SG pos=(61207.804688,1213.575439,72119.726563)
503.250 SAVE_SG pos=(61745.359375,2122.695801,72276.078125) quick
515.708 DEATH pos=(61750.257813,1808.885010,72210.203125) damage=1182.084717
517.855 LOAD_SG pos=(61760.351563,1241.942871,72229.890625)
525.788 SAVE_SG pos=(61788.140625,2139.390381,72246.148438) quick
566.485 DEATH pos=(61963.410156,2097.582031,72323.171875) damage=78.392654
569.087 LOAD_SG pos=(61993.515625,2095.688721,72292.125000)
554.490 DEATH pos=(61917.199219,1801.503296,72209.515625) damage=1179.813110
556.558 LOAD_SG pos=(61907.128906,1239.251343,72200.859375)
597.366 SAVE_SG pos=(61510.289063,2029.851318,73156.734375) quick
619.885 SAVE_SG pos=(61505.835938,2028.080078,73175.406250) quick
703.859 SAVE_SG pos=(61493.507813,2023.169189,73206.390625) quick
780.955 SAVE_SG pos=(61498.566406,2025.177979,73249.046875) quick
849.669 SAVE_SG pos=(61801.562500,1711.255981,73433.554688) quick
942.208 SAVE_SG pos=(65298.601563,1231.951416,75738.515625) quick
947.724 DEATH pos=(66476.585938,1235.188354,76732.421875) damage=75.600006
950.588 LOAD_SG pos=(66617.515625,1242.441040,76949.210938)
1014.917 SAVE_SG pos=(66361.578125,1237.750122,76608.984375) quick
1035.609 DEATH pos=(69008.781250,1282.721191,76528.359375) damage=80.211487
1037.955 LOAD_SG pos=(68927.515625,1292.617554,76580.703125)
1059.774 SAVE_SG pos=(70567.921875,1358.560913,76458.656250) quick
1087.558 SAVE_SG pos=(71906.078125,1614.679199,79327.492188) quick
1180.097 FINISHED LEVEL success
1182.093 END Terrain_5
