0.000 LOADED Mine
0.022 LOAD_SG pos=(48527.746094,3344.435059,48773.789063)
1762.524 DEATH pos=(51162.394531,2464.064209,9032.486328) damage=348.679047
1765.558 LOAD_SG pos=(51092.304688,2489.630615,9049.866211)
1761.963 LOAD_SG pos=(51162.394531,2464.064209,9032.486328)
1763.336 DEATH pos=(51160.570313,2464.161133,8694.568359) damage=391.713470
1765.934 LOAD_SG pos=(51303.984375,2480.301514,8653.488281)
1825.516 SAVE_SG pos=(61655.972656,2855.570313,7559.722168) quick
1854.660 SAVE_SG pos=(62019.703125,3129.907715,10998.440430) quick
1975.774 SAVE_SG pos=(61997.804688,3129.773926,11033.731445) quick
2001.780 SAVE_SG pos=(47214.703125,2464.563965,22437.751953) quick
2033.049 DEATH pos=(46293.511719,3556.447021,28491.271484) damage=70.559998
2035.097 LOAD_SG pos=(46284.523438,3544.009277,28362.625000)
2057.711 SAVE_SG pos=(45288.523438,3611.276123,28510.431641) quick
2078.062 SAVE_SG pos=(45083.179688,4217.351563,32854.371094) quick
2089.022 DEATH pos=(45604.789063,4367.422363,33493.988281) damage=70.559998
2091.221 LOAD_SG pos=(45530.433594,4386.459473,33443.097656)
2107.117 DEATH pos=(45739.960938,4394.402344,33604.265625) damage=59.650490
2109.264 LOAD_SG pos=(45735.074219,4371.649414,33465.433594)
2090.392 DEATH pos=(44485.628906,4411.656250,34330.125000) damage=56.585358
2092.693 LOAD_SG pos=(44640.695313,4425.096680,34571.371094)
2090.953 DEATH pos=(43897.437500,4411.759766,34069.417969) damage=57.731445
2093.084 LOAD_SG pos=(44011.269531,4430.164063,34171.238281)
2182.983 DEATH pos=(46924.085938,4416.895020,35055.976563) damage=70.559998
2185.017 LOAD_SG pos=(46936.953125,4432.866211,34997.636719)
2177.877 DEATH pos=(49237.093750,4781.844727,34170.855469) damage=70.559998
2180.014 LOAD_SG pos=(49246.003906,4807.980469,34231.503906)
2095.456 DEATH pos=(43774.289063,4403.792969,33934.902344) damage=57.418541
2098.376 LOAD_SG pos=(43854.050781,4419.177734,33971.898438)
2089.389 DEATH pos=(45087.167969,4233.681641,32911.019531) damage=784.667847
2091.524 LOAD_SG pos=(45035.199219,4266.589844,32938.414063)
2099.916 SAVE_SG pos=(44265.816406,4437.203613,33237.015625) quick
2115.720 SAVE_SG pos=(43927.652344,4443.287109,34298.941406) quick
2157.150 DEATH pos=(44665.046875,4407.875488,34474.519531) damage=58.209522
2160.100 LOAD_SG pos=(44596.402344,4424.368652,34486.398438)
2135.421 SAVE_SG pos=(44622.941406,4409.246094,34423.656250) quick
2194.486 SAVE_SG pos=(44645.753906,4408.070313,34478.703125) quick
2212.709 SAVE_SG pos=(44643.394531,4408.407715,34450.886719) quick
2243.943 SAVE_SG pos=(45842.683594,4428.402344,35194.625000) quick
2276.256 SAVE_SG pos=(47455.226563,4463.407715,34445.160156) quick
2306.997 SAVE_SG pos=(47946.910156,3038.498779,17212.921875) quick
