0.000 LOADED Ruins
50.320 SAVE_SG pos=(64364.753906,4988.853516,46280.644531) quick
87.700 SAVE_SG pos=(62749.531250,4941.060059,47917.964844) quick
112.167 FINISHED LEVEL failure
113.209 LOAD_SG pos=(62639.656250,4941.115234,47908.460938)
104.825 FINISHED LEVEL failure
105.838 LOAD_SG pos=(62702.886719,4941.284180,47937.566406)
207.615 FINISHED LEVEL failure
208.654 LOAD_SG pos=(60850.812500,4918.022949,47437.417969)
112.637 SAVE_SG pos=(61616.343750,4945.372070,48376.332031) quick
127.641 FINISHED LEVEL failure
128.661 LOAD_SG pos=(61567.347656,4945.390137,48038.066406)
220.351 SAVE_SG pos=(61139.128906,4916.614258,47890.339844) quick
256.915 FINISHED LEVEL failure
257.923 LOAD_SG pos=(60817.054688,4916.608398,47597.589844)
294.884 SAVE_SG pos=(60544.980469,4924.104980,47357.742188) quick
345.440 FINISHED LEVEL failure
346.487 LOAD_SG pos=(60548.699219,4941.371094,45250.523438)
341.249 FINISHED LEVEL failure
342.260 LOAD_SG pos=(60423.250000,4941.250977,45579.625000)
337.702 SAVE_SG pos=(60579.707031,4943.773438,43846.531250) quick
360.493 SAVE_SG pos=(58677.468750,4941.428223,43541.437500) quick
453.799 SAVE_SG pos=(56466.046875,4941.397461,44753.425781) quick
480.138 SAVE_SG pos=(54756.843750,5335.818359,43694.761719) quick
481.306 SAVE_SG pos=(54593.335938,5378.762695,43726.765625) quick
511.506 SAVE_SG pos=(53931.214844,5387.005371,44182.894531) quick
521.005 SAVE_SG pos=(53522.976563,5393.956543,45223.906250) quick
563.098 SAVE_SG pos=(53557.015625,5380.584961,46530.054688) quick
594.419 FINISHED LEVEL failure
595.455 LOAD_SG pos=(51791.179688,5909.405762,46404.804688)
597.764 SAVE_SG pos=(53624.042969,5371.737305,46575.398438) quick
640.542 FINISHED LEVEL failure
641.582 LOAD_SG pos=(51744.304688,6001.552246,46282.500000)
621.552 SAVE_SG pos=(51726.160156,5869.208496,46458.812500) quick
622.171 SAVE_SG pos=(51726.160156,5869.208496,46458.812500) quick
639.992 FINISHED LEVEL failure
641.006 LOAD_SG pos=(51645.097656,5869.827148,46457.945313)
637.521 FINISHED LEVEL failure
638.548 LOAD_SG pos=(52152.703125,6086.882813,45779.207031)
641.307 FINISHED LEVEL failure
642.320 LOAD_SG pos=(51596.496094,6033.582031,45928.648438)
638.961 FINISHED LEVEL failure
639.990 LOAD_SG pos=(51722.050781,6017.079590,46024.589844)
641.243 FINISHED LEVEL failure
642.244 LOAD_SG pos=(51660.785156,6100.753418,45345.527344)
633.403 SAVE_SG pos=(52147.929688,6086.936035,45344.214844) quick
634.979 SAVE_SG pos=(52147.929688,6086.936035,45344.214844) quick
642.626 FINISHED LEVEL failure
643.639 LOAD_SG pos=(52028.968750,6063.264160,45332.039063)
643.479 FINISHED LEVEL failure
644.485 LOAD_SG pos=(52058.160156,6076.403809,45323.175781)
642.413 FINISHED LEVEL failure
643.449 LOAD_SG pos=(52138.039063,6086.935547,45373.085938)
646.431 FINISHED LEVEL failure
647.435 LOAD_SG pos=(52147.929688,6086.935547,45358.281250)
644.217 FINISHED LEVEL failure
645.238 LOAD_SG pos=(52295.597656,6086.935547,45390.835938)
643.744 FINISHED LEVEL failure
644.771 LOAD_SG pos=(52339.148438,6086.882813,45614.835938)
641.780 FINISHED LEVEL failure
642.815 LOAD_SG pos=(52397.515625,6086.882324,45617.152344)
642.482 FINISHED LEVEL failure
643.494 LOAD_SG pos=(52013.207031,6068.435547,45336.265625)
642.546 FINISHED LEVEL failure
643.581 LOAD_SG pos=(52017.535156,6064.872559,45336.125000)
642.553 FINISHED LEVEL failure
643.597 LOAD_SG pos=(52061.589844,6073.925293,45348.207031)
643.059 FINISHED LEVEL failure
644.085 LOAD_SG pos=(52108.460938,6086.935547,45364.648438)
644.035 FINISHED LEVEL failure
645.042 LOAD_SG pos=(52319.050781,6086.935547,45364.468750)
640.591 FINISHED LEVEL failure
641.595 LOAD_SG pos=(52023.542969,6063.393555,44469.664063)
645.981 FINISHED LEVEL failure
647.005 LOAD_SG pos=(52075.042969,6082.214355,45318.785156)
704.141 SAVE_SG pos=(52074.687500,6063.291992,44177.820313) quick
729.191 SAVE_SG pos=(52132.972656,6063.358887,43563.386719) quick
786.250 SAVE_SG pos=(54464.250000,6939.569824,42700.722656) quick
807.334 SAVE_SG pos=(55759.183594,6963.975586,43403.496094) quick
857.679 FINISHED LEVEL failure
858.714 LOAD_SG pos=(55811.359375,6963.975586,43965.929688)
840.555 FINISHED LEVEL failure
841.565 LOAD_SG pos=(55783.167969,6964.019531,43894.218750)
832.234 FINISHED LEVEL success
832.234 END (null)
