0.000 LOADED Valley
66.215 DEATH pos=(55934.750000,2474.838867,22511.132813) damage=92.400002
69.112 LOAD_SG pos=(55941.101563,2480.339355,22408.818359)
13.796 SAVE_SG pos=(54125.964844,2852.949951,17704.443359) quick
63.348 SAVE_SG pos=(57228.855469,2113.989014,23430.966797) quick
102.709 SAVE_SG pos=(59561.292969,1117.110229,23262.660156) quick
134.534 SAVE_SG pos=(62837.265625,968.209839,18229.246094) quick
142.597 SAVE_SG pos=(64544.378906,1055.876465,15294.989258) quick
223.297 SAVE_SG pos=(65329.527344,2150.184082,18432.406250) quick
309.747 SAVE_SG pos=(69392.492188,2532.123047,18272.394531) quick
338.824 SAVE_SG pos=(69400.023438,2532.122803,18220.656250) quick
396.588 SAVE_SG pos=(70588.476563,946.425293,15783.911133) quick
412.269 SAVE_SG pos=(73543.265625,454.004578,18463.988281) quick
477.887 SAVE_SG pos=(75929.375000,1451.403564,22906.671875) quick
502.403 SAVE_SG pos=(77107.328125,1457.306274,23196.103516) quick
540.108 SAVE_SG pos=(77277.843750,1000.058350,23721.041016) quick
611.628 SAVE_SG pos=(77039.242188,675.065613,25314.707031) quick
624.994 SAVE_SG pos=(76736.117188,672.785156,25309.248047) quick
695.537 SAVE_SG pos=(67215.226563,1929.817627,16650.904297) quick
695.605 SAVE_SG pos=(67233.031250,1923.083496,16660.007813) quick
741.887 DEATH pos=(81487.421875,1118.359863,22361.259766) damage=78.747231
744.159 LOAD_SG pos=(81539.328125,1136.240479,22403.232422)
722.727 SAVE_SG pos=(75128.015625,828.318054,19182.679688) quick
723.582 SAVE_SG pos=(75128.015625,828.318054,19182.679688) quick
790.127 DEATH pos=(80601.046875,902.836365,17867.050781) damage=75.600006
792.679 LOAD_SG pos=(80663.578125,915.611694,17835.656250)
757.320 DEATH pos=(82441.179688,944.593140,17649.027344) damage=75.600006
760.075 LOAD_SG pos=(82429.281250,942.513245,17559.652344)
733.079 SAVE_SG pos=(79604.140625,890.152649,17786.000000) quick
753.293 LOAD_SG pos=(81746.773438,359.675995,16898.203125)
764.127 DEATH pos=(79892.265625,893.402954,17968.966797) damage=1173.104248
766.225 LOAD_SG pos=(79896.976563,908.118774,17900.451172)
749.375 SAVE_SG pos=(79809.054688,926.731445,18250.394531) quick
786.899 SAVE_SG pos=(80313.359375,939.532593,18819.474609) quick
816.623 SAVE_SG pos=(80750.226563,848.263611,19213.341797) quick
866.428 SAVE_SG pos=(83435.664063,988.078247,23331.701172) quick
896.394 SAVE_SG pos=(80990.953125,1449.487915,28301.111328) quick
925.551 SAVE_SG pos=(82221.117188,1864.935913,28228.980469) quick
936.472 SAVE_SG pos=(81822.851563,1690.686035,29130.460938) quick
957.009 DEATH pos=(81513.828125,1631.812500,28787.335938) damage=100.800003
959.724 LOAD_SG pos=(81484.500000,1633.874268,28797.574219)
964.687 DEATH pos=(81080.476563,1335.557007,29681.765625) damage=100.800003
966.922 LOAD_SG pos=(81105.125000,1367.569092,29650.238281)
959.289 SAVE_SG pos=(81241.328125,850.420227,31641.060547) quick
963.917 SAVE_SG pos=(81538.484375,755.060120,33290.765625) quick
987.677 SAVE_SG pos=(82525.734375,890.445557,35398.937500) quick
1005.323 SAVE_SG pos=(85902.250000,825.903320,39851.121094) quick
1074.512 SAVE_SG pos=(88461.734375,893.168823,45841.718750) quick
1085.371 DEATH pos=(88461.734375,893.168640,45841.718750) damage=1226.960938
1089.383 LOAD_SG pos=(88419.828125,910.634399,45897.203125)
1080.779 DEATH pos=(88461.734375,893.164978,45841.718750) damage=85.237213
1082.804 LOAD_SG pos=(88383.164063,894.044678,45787.390625)
1094.544 SAVE_SG pos=(90335.281250,820.115906,45965.746094) quick
1131.611 DEATH pos=(92223.601563,593.119934,49619.035156) damage=75.600006
1133.877 LOAD_SG pos=(92198.718750,616.459351,49587.050781)
1102.816 SAVE_SG pos=(90194.937500,903.781067,46204.992188) quick
1243.898 SAVE_SG pos=(89333.734375,868.850952,48908.156250) quick
1273.817 SAVE_SG pos=(86029.085938,1360.218506,53720.898438) quick
1301.861 SAVE_SG pos=(86713.953125,1427.615356,44869.617188) quick
1401.871 SAVE_SG pos=(79434.710938,656.560547,47683.187500) quick
1439.666 FINISHED LEVEL success
1441.630 END Woodyard
