0.000 LOADED Dam
53.159 SAVE_SG pos=(34017.828125,2491.888672,51283.070313) quick
82.568 SAVE_SG pos=(32164.550781,2450.396240,49961.410156) quick
102.908 FINISHED LEVEL failure
103.910 LOAD_SG pos=(31820.849609,2438.702393,49174.589844)
162.625 SAVE_SG pos=(27871.984375,2467.070801,47335.472656) quick
176.044 FINISHED LEVEL failure
177.060 LOAD_SG pos=(27317.404297,2469.679199,46847.507813)
213.164 FINISHED LEVEL failure
214.198 LOAD_SG pos=(28000.509766,2467.153809,47337.828125)
204.735 FINISHED LEVEL failure
205.750 LOAD_SG pos=(27606.400391,2470.903076,47476.289063)
228.317 SAVE_SG pos=(27727.673828,2467.012451,47242.656250) quick
230.091 SAVE_SG pos=(27727.673828,2467.012451,47242.656250) quick
230.187 SAVE_SG pos=(27727.673828,2467.012451,47242.656250) quick
230.191 SAVE_SG pos=(27727.673828,2467.012451,47242.656250) quick
257.807 FINISHED LEVEL failure
258.809 LOAD_SG pos=(27671.542969,2468.579346,47356.523438)
244.863 FINISHED LEVEL failure
245.906 LOAD_SG pos=(27985.271484,2466.505615,47193.027344)
266.428 FINISHED LEVEL failure
267.444 LOAD_SG pos=(28018.613281,2466.416260,47176.054688)
244.305 FINISHED LEVEL failure
245.308 LOAD_SG pos=(27727.673828,2467.012451,47242.656250)
249.605 FINISHED LEVEL failure
250.654 LOAD_SG pos=(27946.070313,2466.500000,47220.656250)
262.327 FINISHED LEVEL failure
263.357 LOAD_SG pos=(27627.300781,2467.019287,47271.812500)
261.972 FINISHED LEVEL failure
263.023 LOAD_SG pos=(27666.482422,2468.750000,47359.910156)
244.509 FINISHED LEVEL failure
245.543 LOAD_SG pos=(27990.978516,2466.444336,47190.195313)
256.446 FINISHED LEVEL failure
257.486 LOAD_SG pos=(28070.339844,2470.015625,47457.527344)
241.047 FINISHED LEVEL failure
242.074 LOAD_SG pos=(28258.736328,2466.863037,47183.925781)
259.882 FINISHED LEVEL failure
260.910 LOAD_SG pos=(28000.093750,2467.752441,47387.312500)
258.912 FINISHED LEVEL failure
259.940 LOAD_SG pos=(27661.621094,2469.240234,47378.148438)
238.667 FINISHED LEVEL failure
239.701 LOAD_SG pos=(27646.822266,2467.714355,47326.804688)
252.010 FINISHED LEVEL failure
253.054 LOAD_SG pos=(28153.937500,2466.903076,47231.281250)
244.642 FINISHED LEVEL failure
245.688 LOAD_SG pos=(27986.328125,2466.488525,47252.964844)
250.679 FINISHED LEVEL failure
251.680 LOAD_SG pos=(27993.560547,2466.496338,47147.562500)
253.854 FINISHED LEVEL failure
254.859 LOAD_SG pos=(27667.652344,2467.011719,47302.000000)
243.776 FINISHED LEVEL failure
244.814 LOAD_SG pos=(27403.212891,2470.606201,46554.902344)
238.516 FINISHED LEVEL failure
239.535 LOAD_SG pos=(27498.529297,2467.128174,47271.988281)
244.458 FINISHED LEVEL failure
245.488 LOAD_SG pos=(27995.572266,2467.519287,47372.132813)
238.257 FINISHED LEVEL failure
239.294 LOAD_SG pos=(27677.019531,2468.150879,47341.386719)
246.199 FINISHED LEVEL failure
247.223 LOAD_SG pos=(27620.632813,2468.025635,47337.195313)
240.919 FINISHED LEVEL failure
241.923 LOAD_SG pos=(27727.673828,2467.012451,47242.656250)
288.972 FINISHED LEVEL failure
289.993 LOAD_SG pos=(27878.964844,2466.963623,47297.675781)
249.645 FINISHED LEVEL failure
250.683 LOAD_SG pos=(27915.380859,2467.054688,47310.882813)
244.445 FINISHED LEVEL failure
245.486 LOAD_SG pos=(27903.521484,2467.113037,47352.238281)
241.406 FINISHED LEVEL failure
242.442 LOAD_SG pos=(28214.384766,2467.910156,47250.046875)
237.232 FINISHED LEVEL failure
238.261 LOAD_SG pos=(28311.984375,2466.951660,47193.378906)
242.588 FINISHED LEVEL failure
243.596 LOAD_SG pos=(28037.820313,2469.216797,47467.515625)
254.474 LOAD_SG pos=(28265.496094,2466.752686,47182.003906)
53.356 SAVE_SG pos=(34017.824219,2491.887451,51283.070313) quick
97.239 SAVE_SG pos=(32386.185547,2377.069824,51012.800781) quick
141.540 SAVE_SG pos=(32031.748047,2445.221436,49589.535156) quick
155.681 FINISHED LEVEL failure
156.686 LOAD_SG pos=(31794.039063,2438.247314,49356.953125)
163.571 FINISHED LEVEL failure
164.593 LOAD_SG pos=(31650.673828,2466.342285,48916.402344)
158.343 FINISHED LEVEL failure
159.365 LOAD_SG pos=(32063.976563,2434.121094,49408.695313)
156.391 FINISHED LEVEL failure
157.398 LOAD_SG pos=(31650.873047,2466.349365,48876.566406)
165.961 FINISHED LEVEL failure
166.989 LOAD_SG pos=(31727.626953,2461.323242,48932.679688)
150.598 FINISHED LEVEL failure
151.645 LOAD_SG pos=(32040.908203,2438.060059,49289.632813)
156.501 FINISHED LEVEL failure
157.523 LOAD_SG pos=(32044.234375,2437.909424,49248.636719)
156.511 FINISHED LEVEL failure
157.533 LOAD_SG pos=(32250.537109,2421.785645,49284.871094)
192.225 FINISHED LEVEL failure
193.230 LOAD_SG pos=(31366.140625,2468.986084,49336.277344)
267.785 FINISHED LEVEL failure
268.801 LOAD_SG pos=(30942.914063,2547.806641,50124.445313)
200.977 FINISHED LEVEL failure
202.003 LOAD_SG pos=(30886.941406,2560.907715,50081.949219)
217.586 SAVE_SG pos=(30923.642578,2551.070313,50086.332031) quick
250.438 FINISHED LEVEL failure
251.456 LOAD_SG pos=(30916.515625,2553.555908,50097.023438)
267.712 SAVE_SG pos=(30835.937500,2469.493652,49272.507813) quick
286.522 FINISHED LEVEL failure
287.549 LOAD_SG pos=(30806.593750,2469.249756,49248.570313)
393.275 FINISHED LEVEL failure
394.319 LOAD_SG pos=(31077.935547,2507.463379,48387.046875)
311.709 SAVE_SG pos=(31119.009766,2493.303467,48634.136719) quick
324.732 FINISHED LEVEL failure
325.757 LOAD_SG pos=(31164.980469,2498.341553,48534.617188)
343.582 SAVE_SG pos=(31111.789063,2494.823975,48606.730469) quick
354.229 SAVE_SG pos=(31103.136719,2496.842773,48574.437500) quick
381.344 FINISHED LEVEL failure
382.361 LOAD_SG pos=(30779.070313,2506.796143,47980.066406)
364.280 SAVE_SG pos=(31103.136719,2496.842773,48574.433594) quick
393.814 SAVE_SG pos=(30846.667969,2515.377441,47933.910156) quick
526.873 SAVE_SG pos=(28773.001953,2466.962891,47238.316406) quick
579.579 SAVE_SG pos=(28049.408203,2466.444092,47182.777344) quick
687.906 FINISHED LEVEL failure
688.946 LOAD_SG pos=(25478.880859,2693.128174,45262.199219)
617.252 SAVE_SG pos=(25025.671875,2701.498047,44944.382813) quick
640.671 FINISHED LEVEL failure
641.726 LOAD_SG pos=(25122.208984,2746.002686,45133.582031)
645.276 FINISHED LEVEL failure
646.327 LOAD_SG pos=(25071.515625,2746.757813,45150.718750)
642.447 SAVE_SG pos=(24061.580078,2315.706055,44935.339844) quick
707.006 DEATH pos=(23237.361328,2309.541016,46850.664063) damage=29.040854
712.203 LOAD_SG pos=(23262.496094,2364.306641,46874.164063)
687.419 FINISHED LEVEL failure
688.461 LOAD_SG pos=(21898.511719,2429.528564,46530.160156)
701.162 FINISHED LEVEL failure
702.199 LOAD_SG pos=(22259.908203,2363.223145,46871.757813)
711.728 SAVE_SG pos=(21012.441406,2626.154053,45020.890625) quick
711.837 SAVE_SG pos=(21012.441406,2626.154053,45020.890625) quick
754.085 SAVE_SG pos=(19578.093750,2788.753662,45262.253906) quick
765.688 FINISHED LEVEL failure
766.699 LOAD_SG pos=(19545.449219,2788.398438,45285.675781)
772.595 SAVE_SG pos=(19020.867188,2790.596436,45705.460938) quick
829.657 SAVE_SG pos=(18314.656250,2786.519775,46356.484375) quick
926.964 SAVE_SG pos=(17319.296875,2781.658447,45453.460938) quick
1141.639 SAVE_SG pos=(16285.750000,2790.892578,42288.957031) quick
1143.536 SAVE_SG pos=(16256.291992,2790.891602,42286.992188) quick
1211.323 SAVE_SG pos=(13859.486328,3112.048340,44507.023438) quick
1260.978 SAVE_SG pos=(10368.095703,3505.854248,46392.277344) quick
1380.657 SAVE_SG pos=(28648.503906,2475.263672,47979.558594) quick
1402.099 FINISHED LEVEL success
1404.096 END Dam2
