0.000 LOADED Canyon
99.001 DEATH pos=(51979.132813,2321.103760,944.551941) damage=492.208740
101.877 LOAD_SG pos=(51963.054688,2391.246094,951.655090)
137.024 DEATH pos=(53727.824219,2382.156006,1632.417969) damage=384.816254
140.153 LOAD_SG pos=(53651.011719,2437.742676,1593.021606)
11.713 DEATH pos=(53951.949219,3062.237061,1798.761108) damage=1256.560425
17.521 LOAD_SG pos=(53761.675781,2456.533691,1448.200073)
48.582 DEATH pos=(53955.000000,3335.688965,2111.221924) damage=625.010010
54.516 LOAD_SG pos=(53899.074219,3339.677490,1995.224976)
81.068 SAVE_SG pos=(53225.914063,5460.823730,2315.093994) quick
102.738 SAVE_SG pos=(54191.285156,8132.420410,3919.473877) quick
122.270 SAVE_SG pos=(54191.289063,8132.444824,3919.450928) quick
254.176 SAVE_SG pos=(52284.886719,8495.958984,9953.183594) quick
267.896 FINISHED LEVEL failure
268.935 LOAD_SG pos=(52067.222656,8495.944336,10119.176758)
272.746 FINISHED LEVEL failure
273.764 LOAD_SG pos=(52066.023438,8495.944336,10119.859375)
272.389 FINISHED LEVEL failure
273.403 LOAD_SG pos=(52064.226563,8495.944336,10119.948242)
436.397 SAVE_SG pos=(52047.570313,8495.975586,10065.568359) quick
460.086 SAVE_SG pos=(51517.019531,6675.596680,17610.947266) quick
494.576 SAVE_SG pos=(50868.328125,6615.898438,18161.626953) quick
559.757 SAVE_SG pos=(50955.558594,6406.024902,23436.248047) quick
654.237 SAVE_SG pos=(47294.332031,5989.072754,35383.222656) quick
696.360 SAVE_SG pos=(38633.167969,5543.302246,42326.082031) quick
715.657 DEATH pos=(39321.429688,5305.430176,43269.742188) damage=25.200001
718.485 LOAD_SG pos=(39330.949219,5302.743164,43173.277344)
795.250 DEATH pos=(40620.945313,4774.438965,44266.433594) damage=33.600002
799.395 LOAD_SG pos=(40579.902344,4792.501953,44270.414063)
752.732 DEATH pos=(40318.324219,4715.150879,45067.207031) damage=33.600002
757.316 LOAD_SG pos=(40333.218750,4726.794922,45033.332031)
728.563 DEATH pos=(39419.714844,5254.413086,43144.488281) damage=25.200001
731.738 LOAD_SG pos=(39474.375000,5264.742188,43098.238281)
826.155 DEATH pos=(41394.292969,4951.877930,42168.199219) damage=33.600002
830.697 LOAD_SG pos=(41381.406250,4970.826172,42191.207031)
730.630 SAVE_SG pos=(38978.167969,5382.666992,42842.394531) quick
732.780 SAVE_SG pos=(38978.167969,5382.666992,42842.394531) quick
769.525 DEATH pos=(40279.195313,4941.587402,43767.363281) damage=25.200001
773.122 LOAD_SG pos=(40306.804688,4971.857422,43741.109375)
968.598 SAVE_SG pos=(40510.800781,4889.873535,43915.839844) quick
1114.137 DEATH pos=(41271.992188,4987.168945,41654.777344) damage=33.204765
1117.732 LOAD_SG pos=(41048.589844,5082.378418,41384.300781)
1034.217 DEATH pos=(40840.613281,4554.079102,44944.277344) damage=33.600002
1037.891 LOAD_SG pos=(40838.007813,4531.393555,45024.484375)
978.283 DEATH pos=(40802.625000,4507.826660,45210.757813) damage=25.200001
980.596 LOAD_SG pos=(41094.183594,4327.984375,45622.195313)
1006.766 SAVE_SG pos=(41354.429688,4244.938477,45828.187500) quick
1080.661 SAVE_SG pos=(41890.351563,4456.916504,51208.070313) quick
1228.807 FINISHED LEVEL success
1228.964 END Mine
