0.000 LOADED Terrain_2b
28.150 SAVE_SG pos=(58250.480469,1029.784302,67889.445313) quick
91.614 DEATH pos=(60122.015625,1033.306152,67854.875000) damage=80.640007
94.529 LOAD_SG pos=(60092.800781,1058.103516,67895.812500)
62.439 SAVE_SG pos=(59930.218750,1023.141968,67857.601563) quick
77.803 SAVE_SG pos=(59941.593750,1032.217407,67888.203125) quick
112.920 SAVE_SG pos=(64193.582031,1037.990112,66680.101563) quick
123.445 DEATH pos=(64986.023438,1217.897705,66657.843750) damage=60.480007
125.922 LOAD_SG pos=(64970.562500,1232.045898,66716.625000)
128.443 SAVE_SG pos=(64409.765625,1096.493408,66693.125000) quick
161.623 DEATH pos=(65224.226563,1029.934937,67826.492188) damage=80.640007
164.535 LOAD_SG pos=(65283.136719,1045.815186,67838.023438)
175.430 DEATH pos=(65266.796875,1029.476440,67928.726563) damage=60.480007
178.117 LOAD_SG pos=(65210.062500,1044.172729,67904.609375)
143.176 DEATH pos=(65218.992188,1029.728638,67844.398438) damage=80.640007
146.112 LOAD_SG pos=(65135.507813,1043.107422,67823.312500)
159.113 DEATH pos=(64626.976563,1030.534546,67816.796875) damage=80.640007
162.899 LOAD_SG pos=(64684.726563,1043.850830,67736.460938)
141.012 DEATH pos=(64530.285156,1171.545166,66615.640625) damage=80.640007
143.464 LOAD_SG pos=(64364.050781,1089.367065,66636.554688)
134.869 DEATH pos=(64593.617188,1245.897827,66693.953125) damage=80.640007
137.005 LOAD_SG pos=(64665.066406,1253.140015,66681.921875)
183.135 DEATH pos=(63317.121094,1195.298828,67369.343750) damage=79.954948
185.511 LOAD_SG pos=(63306.167969,1068.809448,67441.343750)
135.037 DEATH pos=(64732.246094,1030.675049,67758.148438) damage=80.640007
137.273 LOAD_SG pos=(65018.636719,1042.907104,67770.101563)
156.973 DEATH pos=(64876.292969,1029.520508,67950.507813) damage=80.640007
159.426 LOAD_SG pos=(64787.921875,1042.336792,67928.656250)
148.947 SAVE_SG pos=(64860.156250,1029.819092,67869.515625) quick
163.534 DEATH pos=(64874.878906,1029.651245,67919.992188) damage=60.480007
166.289 LOAD_SG pos=(64928.261719,1067.482422,67874.359375)
156.184 SAVE_SG pos=(65153.906250,1029.584717,67876.968750) quick
160.968 SAVE_SG pos=(65153.906250,1029.584717,67876.968750) quick
183.305 DEATH pos=(65213.761719,1029.502319,67963.781250) damage=60.480007
185.499 LOAD_SG pos=(65129.796875,1043.135132,67967.132813)
177.872 DEATH pos=(65245.640625,1029.493408,68000.476563) damage=60.480007
180.025 LOAD_SG pos=(65154.835938,1042.297485,68011.968750)
165.996 DEATH pos=(65307.468750,1029.494995,67904.031250) damage=60.480007
168.161 LOAD_SG pos=(65267.128906,1043.674561,67971.406250)
167.561 SAVE_SG pos=(65268.953125,1029.493408,67837.234375) quick
172.599 DEATH pos=(65310.480469,1029.493408,67872.335938) damage=60.480007
174.902 LOAD_SG pos=(65221.875000,1042.354248,67883.796875)
184.807 SAVE_SG pos=(65245.179688,1029.490112,67894.625000) quick
201.420 SAVE_SG pos=(65280.199219,1029.490112,67926.914063) quick
209.347 DEATH pos=(65367.667969,1029.490112,67852.375000) damage=60.480007
212.436 LOAD_SG pos=(65324.816406,1042.813354,67881.437500)
211.362 SAVE_SG pos=(65280.199219,1029.490112,67926.914063) quick
230.335 SAVE_SG pos=(65415.582031,1029.580933,67797.257813) quick
253.474 SAVE_SG pos=(65884.710938,1029.589966,67245.695313) quick
286.252 SAVE_SG pos=(66121.718750,1029.514526,67152.281250) quick
314.477 SAVE_SG pos=(66894.000000,1038.437622,66352.437500) quick
334.209 SAVE_SG pos=(67182.492188,1039.341675,66212.406250) quick
360.483 DEATH pos=(67216.132813,1039.333496,64974.351563) damage=71.464638
362.517 LOAD_SG pos=(67263.914063,1060.529785,65046.851563)
362.023 SAVE_SG pos=(67211.507813,1039.342407,64879.921875) quick
384.063 SAVE_SG pos=(68393.531250,1028.497925,66030.140625) quick
388.548 SAVE_SG pos=(68763.257813,1029.156616,64714.703125) quick
389.224 DEATH pos=(68768.828125,1029.158569,64714.140625) damage=80.640007
392.032 LOAD_SG pos=(68718.859375,1042.314453,64680.824219)
405.542 DEATH pos=(69306.117188,1029.266724,64663.355469) damage=80.640007
407.647 LOAD_SG pos=(69248.390625,1041.943115,64617.238281)
405.968 DEATH pos=(68753.335938,1029.529663,64600.746094) damage=80.640007
408.474 LOAD_SG pos=(68746.539063,1042.437378,64691.679688)
392.327 DEATH pos=(68763.257813,1029.155518,64714.703125) damage=80.640007
394.541 LOAD_SG pos=(68822.242188,1042.565918,64789.019531)
404.857 SAVE_SG pos=(68067.179688,1029.369263,63944.445313) quick
421.971 DEATH pos=(69000.523438,1029.076782,62651.421875) damage=80.640007
424.479 LOAD_SG pos=(68913.585938,1041.308960,62614.648438)
427.965 SAVE_SG pos=(68117.460938,1029.117188,62701.097656) quick
438.990 DEATH pos=(69711.546875,1028.130005,62644.746094) damage=80.640007
441.151 LOAD_SG pos=(69816.906250,1039.706299,62722.304688)
444.774 DEATH pos=(69124.679688,1029.329956,62598.250000) damage=80.640007
446.952 LOAD_SG pos=(69041.085938,1048.135620,62550.261719)
441.703 DEATH pos=(68985.710938,1029.052368,62499.964844) damage=80.640007
443.843 LOAD_SG pos=(68936.460938,1048.821777,62555.769531)
432.530 DEATH pos=(69088.187500,1029.286011,62586.363281) damage=80.640007
435.478 LOAD_SG pos=(69243.250000,1060.759155,62632.585938)
432.753 SAVE_SG pos=(68522.492188,1029.185303,62446.179688) quick
474.429 DEATH pos=(69943.117188,1028.747437,62952.933594) damage=80.640007
477.178 LOAD_SG pos=(69962.234375,1041.572510,62906.832031)
482.462 SAVE_SG pos=(69628.109375,1028.693115,62646.796875) quick
508.013 SAVE_SG pos=(70264.554688,1028.880249,63194.921875) quick
526.768 SAVE_SG pos=(71040.164063,1029.076782,63780.890625) quick
609.951 SAVE_SG pos=(71828.750000,4526.042969,56213.457031) quick
621.940 SAVE_SG pos=(71884.265625,4526.041992,56077.378906) quick
732.149 SAVE_SG pos=(76952.218750,2176.648193,67848.500000) quick
822.765 SAVE_SG pos=(82937.609375,955.780029,65435.785156) quick
916.115 SAVE_SG pos=(82488.343750,968.596313,61342.925781) quick
956.339 SAVE_SG pos=(87271.695313,1485.738037,55265.757813) quick
971.989 SAVE_SG pos=(76953.734375,2173.972656,67848.257813) quick
978.751 SAVE_SG pos=(78137.976563,2464.750244,66855.718750) quick
1042.892 DEATH pos=(77119.179688,2225.366943,67499.820313) damage=80.640007
1045.315 LOAD_SG pos=(77152.703125,2238.617920,67488.976563)
1099.997 SAVE_SG pos=(82380.734375,973.475891,61452.964844) quick
1156.978 FINISHED LEVEL success
1157.369 END Level_03
