0.000 LOADED Canyon
31.196 SAVE_SG pos=(54099.414063,4668.062500,2286.042480) quick
126.500 SAVE_SG pos=(54202.656250,8134.720215,3922.868408) quick
172.496 SAVE_SG pos=(53754.121094,8211.594727,5633.799805) quick
230.698 SAVE_SG pos=(52536.914063,7909.370117,10700.013672) quick
242.180 SAVE_SG pos=(52303.187500,8495.585938,10149.643555) quick
270.339 SAVE_SG pos=(52056.152344,8495.777344,10118.542969) quick
323.560 FINISHED LEVEL failure
324.581 LOAD_SG pos=(52056.152344,8495.776367,10118.542969)
287.206 SAVE_SG pos=(52056.152344,8495.777344,10118.542969) quick
320.502 SAVE_SG pos=(52056.152344,8495.777344,10118.542969) quick
376.893 SAVE_SG pos=(52055.937500,8495.846680,10059.023438) quick
437.515 SAVE_SG pos=(52055.937500,8495.846680,10059.023438) quick
475.670 SAVE_SG pos=(51488.152344,6774.395020,17604.642578) quick
498.248 SAVE_SG pos=(50921.246094,6593.773926,18303.470703) quick
508.621 DEATH pos=(52044.441406,6382.524414,22952.744141) damage=523.822937
511.491 LOAD_SG pos=(51954.785156,6390.159180,22938.554688)
565.499 SAVE_SG pos=(50905.906250,6405.601563,23406.468750) quick
596.473 DEATH pos=(52305.308594,6674.820313,30016.980469) damage=523.822937
598.518 LOAD_SG pos=(52440.128906,6676.995117,29875.796875)
592.195 DEATH pos=(52936.535156,6681.230957,26138.357422) damage=94.533249
595.682 LOAD_SG pos=(52927.238281,6640.782715,26269.955078)
603.251 DEATH pos=(52704.539063,6583.838867,26299.142578) damage=75.600006
606.292 LOAD_SG pos=(52556.214844,6520.657715,26362.777344)
610.819 DEATH pos=(53101.214844,6576.702637,26478.277344) damage=520.800049
613.091 LOAD_SG pos=(53155.132813,6591.032715,26402.638672)
578.380 SAVE_SG pos=(53540.527344,6563.288086,26137.855469) quick
599.383 DEATH pos=(50815.023438,6769.602051,31341.882813) damage=523.822937
602.463 LOAD_SG pos=(50787.816406,6776.377441,31349.443359)
633.538 SAVE_SG pos=(48708.335938,6545.330078,33009.421875) quick
651.165 SAVE_SG pos=(46616.085938,6198.679199,34302.453125) quick
666.851 SAVE_SG pos=(46822.890625,5955.458984,35151.050781) quick
668.097 SAVE_SG pos=(46894.593750,5953.031738,35334.984375) quick
695.697 DEATH pos=(42776.980469,5784.053223,38840.699219) damage=85.970963
698.145 LOAD_SG pos=(42791.527344,5794.633789,38804.492188)
707.372 SAVE_SG pos=(45196.210938,5873.227539,38420.242188) quick
770.697 DEATH pos=(39996.875000,5925.837402,39198.250000) damage=73.920006
772.991 LOAD_SG pos=(39985.621094,5941.033203,39265.500000)
742.832 SAVE_SG pos=(44997.433594,5846.885254,38448.179688) quick
752.323 SAVE_SG pos=(42587.792969,5803.819336,38803.882813) quick
767.859 SAVE_SG pos=(41653.054688,5933.164063,39017.664063) quick
803.690 SAVE_SG pos=(41127.074219,5924.775391,39009.632813) quick
821.046 SAVE_SG pos=(38559.210938,5571.399414,42332.648438) quick
841.452 SAVE_SG pos=(41849.667969,4499.336426,51290.367188) quick
868.515 SAVE_SG pos=(46366.070313,2411.776855,48943.554688) quick
878.319 DEATH pos=(46775.843750,3432.859375,49295.109375) damage=76.718994
881.688 LOAD_SG pos=(46766.070313,3392.935303,49337.222656)
915.484 SAVE_SG pos=(47153.500000,2434.151855,49001.691406) quick
943.905 FINISHED LEVEL success
944.060 END Mine
