0.000 LOADED Mine
0.005 LOAD_SG pos=(48527.746094,3344.435059,48773.789063)
126.524 DEATH pos=(59739.628906,3309.252930,47786.371094) damage=100.800003
131.390 LOAD_SG pos=(59786.703125,3323.554199,47836.097656)
66.280 DEATH pos=(58928.808594,3311.725586,49324.765625) damage=1893.787720
69.092 LOAD_SG pos=(58901.773438,3325.951660,49386.164063)
47.548 DEATH pos=(57525.042969,3286.961914,48955.742188) damage=1238.028564
50.505 LOAD_SG pos=(57524.230469,3274.983154,49058.398438)
41.751 DEATH pos=(55448.046875,3211.460449,48976.171875) damage=100.800003
44.788 LOAD_SG pos=(55380.101563,3196.846191,49069.046875)
73.306 SAVE_SG pos=(55025.437500,3058.058594,49343.621094) quick
98.084 DEATH pos=(55384.636719,3179.863281,49091.300781) damage=1283.770508
101.633 LOAD_SG pos=(55346.117188,3158.992432,49191.269531)
93.962 SAVE_SG pos=(61456.421875,3313.862305,48707.484375) quick
209.716 SAVE_SG pos=(62868.031250,4506.552734,39010.527344) quick
294.471 SAVE_SG pos=(63333.671875,3926.083252,33195.242188) quick
380.228 SAVE_SG pos=(56449.652344,3848.741699,36123.195313) quick
390.520 SAVE_SG pos=(55188.957031,3848.443359,37348.296875) quick
505.847 DEATH pos=(54495.507813,3847.804932,37738.191406) damage=100.800003
510.751 LOAD_SG pos=(54553.835938,3860.635254,37762.289063)
458.997 SAVE_SG pos=(53969.468750,3795.593994,36245.964844) quick
489.635 DEATH pos=(54174.269531,2929.752686,35830.992188) damage=430.327850
491.838 LOAD_SG pos=(54134.464844,2925.776611,35836.886719)
491.432 DEATH pos=(54238.902344,2880.338867,35658.597656) damage=448.580200
494.595 LOAD_SG pos=(54328.234375,2886.353027,35609.039063)
514.620 DEATH pos=(53601.695313,3113.930908,36879.546875) damage=399.610138
517.398 LOAD_SG pos=(53619.730469,3142.017334,36878.218750)
461.987 DEATH pos=(53906.675781,2976.747070,36246.992188) damage=279.913208
464.081 LOAD_SG pos=(53803.921875,2887.007568,36091.113281)
461.841 DEATH pos=(53870.312500,2953.319580,36263.851563) damage=301.676392
464.299 LOAD_SG pos=(53755.445313,2889.672852,36011.867188)
501.490 SAVE_SG pos=(53693.980469,3785.085205,38002.417969) quick
548.114 DEATH pos=(53759.167969,3810.694580,38421.875000) damage=100.800003
550.255 LOAD_SG pos=(53777.601563,3838.730469,38421.324219)
582.361 DEATH pos=(54468.140625,3848.343750,37346.042969) damage=79.971474
587.152 LOAD_SG pos=(54519.074219,3871.173828,37312.968750)
518.140 DEATH pos=(53295.039063,3791.769531,38829.746094) damage=86.074570
520.280 LOAD_SG pos=(53324.804688,3805.329346,38773.179688)
549.127 DEATH pos=(54474.566406,3848.402832,37409.917969) damage=79.084717
552.435 LOAD_SG pos=(54473.066406,3864.380371,37338.375000)
524.721 SAVE_SG pos=(54477.726563,3848.451172,37380.621094) quick
550.416 SAVE_SG pos=(54439.214844,3848.238037,37333.761719) quick
567.966 DEATH pos=(54438.574219,3848.200684,37307.281250) damage=100.800003
570.265 LOAD_SG pos=(54452.238281,3861.663086,37220.628906)
626.573 DEATH pos=(54448.500000,3848.283691,37344.132813) damage=79.170914
630.316 LOAD_SG pos=(54508.515625,3870.528564,37311.582031)
574.838 DEATH pos=(54432.183594,3848.178223,37296.718750) damage=100.800003
578.647 LOAD_SG pos=(54504.519531,3875.600342,37288.914063)
609.810 DEATH pos=(54406.203125,3848.106445,37331.007813) damage=1321.260742
612.050 LOAD_SG pos=(54391.296875,3866.897705,37311.257813)
568.435 DEATH pos=(54713.707031,3848.072754,37847.132813) damage=100.800003
571.265 LOAD_SG pos=(54799.253906,3865.676025,37872.460938)
584.964 DEATH pos=(54382.140625,3848.207031,37302.835938) damage=100.800003
587.571 LOAD_SG pos=(54354.191406,3873.208496,37336.222656)
562.802 DEATH pos=(56456.136719,3882.735596,36210.804688) damage=100.800003
567.927 LOAD_SG pos=(56916.730469,3926.766602,36308.328125)
558.624 DEATH pos=(55530.601563,3847.765869,36174.687500) damage=100.800003
563.317 LOAD_SG pos=(55936.722656,3861.928711,36143.511719)
564.932 DEATH pos=(55795.929688,3848.425049,36265.824219) damage=75.600006
568.543 LOAD_SG pos=(55769.855469,3861.741455,36277.875000)
565.680 DEATH pos=(54467.601563,3848.303223,37396.042969) damage=100.800003
568.566 LOAD_SG pos=(54438.058594,3861.069824,37306.109375)
572.121 DEATH pos=(54452.648438,3848.190674,37312.843750) damage=520.800049
574.949 LOAD_SG pos=(54497.570313,3874.896973,37278.937500)
562.871 DEATH pos=(54439.214844,3848.211182,37333.761719) damage=100.800003
565.010 LOAD_SG pos=(54504.921875,3869.502686,37310.089844)
559.271 DEATH pos=(54442.847656,3848.219727,37417.421875) damage=80.029381
561.346 LOAD_SG pos=(54521.515625,3861.898438,37413.433594)
573.727 DEATH pos=(54443.332031,3848.208984,37343.085938) damage=744.000000
576.597 LOAD_SG pos=(54417.769531,3862.172119,37255.550781)
561.260 DEATH pos=(54449.640625,3848.316650,37350.667969) damage=79.055641
564.737 LOAD_SG pos=(54513.304688,3869.260986,37320.804688)
605.866 SAVE_SG pos=(54414.714844,3848.193604,37334.308594) quick
655.623 DEATH pos=(54441.570313,3848.179443,37348.472656) damage=100.800003
658.242 LOAD_SG pos=(54507.929688,3864.900635,37339.343750)
636.709 DEATH pos=(54415.332031,3848.153320,37322.710938) damage=1286.343628
640.254 LOAD_SG pos=(54475.488281,3864.889160,37318.566406)
619.011 DEATH pos=(54300.855469,3848.172607,37195.128906) damage=100.800003
623.229 LOAD_SG pos=(54223.175781,3860.372314,37115.656250)
648.357 DEATH pos=(54372.320313,3848.182617,37331.457031) damage=1016.749878
652.061 LOAD_SG pos=(54447.539063,3861.427246,37260.062500)
612.863 DEATH pos=(54193.828125,3839.377930,37647.960938) damage=100.800003
616.487 LOAD_SG pos=(54201.222656,3855.078125,37705.742188)
611.077 DEATH pos=(54374.812500,3846.156006,37694.578125) damage=100.800003
622.567 LOAD_SG pos=(54337.976563,3868.067871,37610.234375)
613.349 DEATH pos=(54241.660156,3846.019287,37513.292969) damage=100.800003
616.160 LOAD_SG pos=(54261.804688,3861.918701,37481.132813)
643.503 DEATH pos=(55512.636719,3848.141113,35953.921875) damage=100.800003
646.697 LOAD_SG pos=(55564.175781,3864.228516,35930.292969)
613.639 DEATH pos=(54407.285156,3848.119629,37348.277344) damage=744.000000
617.612 LOAD_SG pos=(54463.859375,3862.760254,37374.671875)
757.598 DEATH pos=(54405.132813,3848.122803,37297.859375) damage=1336.385620
761.199 LOAD_SG pos=(54453.832031,3863.802979,37261.042969)
609.508 DEATH pos=(54198.765625,3843.559082,36968.714844) damage=83.778305
612.465 LOAD_SG pos=(54207.308594,3858.291504,36969.632813)
613.308 DEATH pos=(54565.746094,3923.287109,36989.382813) damage=100.800003
616.527 LOAD_SG pos=(54605.351563,3862.844727,36961.753906)
613.145 DEATH pos=(54141.113281,3847.587891,37186.683594) damage=84.453499
615.334 LOAD_SG pos=(54145.886719,3858.156738,37111.820313)
708.833 DEATH pos=(54388.648438,3848.165771,37311.250000) damage=1826.810547
712.261 LOAD_SG pos=(54369.023438,3864.303711,37236.570313)
825.313 DEATH pos=(54678.546875,3903.866455,37916.164063) damage=100.800003
829.305 LOAD_SG pos=(54593.941406,3861.508301,37792.832031)
633.492 DEATH pos=(54451.570313,3848.102051,37266.585938) damage=100.800003
643.761 LOAD_SG pos=(54480.761719,3872.481934,37220.117188)
643.616 DEATH pos=(54410.203125,3848.169189,37315.722656) damage=1305.082520
645.970 LOAD_SG pos=(54463.183594,3865.244141,37284.281250)
611.254 SAVE_SG pos=(54414.714844,3848.193359,37334.308594) quick
629.908 SAVE_SG pos=(54428.601563,3848.256348,37349.429688) quick
647.002 DEATH pos=(55369.703125,3847.801270,35774.417969) damage=100.800003
658.286 LOAD_SG pos=(55319.964844,3860.959473,35801.921875)
638.797 DEATH pos=(54689.859375,3847.873535,36765.871094) damage=80.715240
640.996 LOAD_SG pos=(54712.917969,3859.499512,36646.878906)
637.601 DEATH pos=(55478.121094,3849.417236,36157.648438) damage=100.800003
639.708 LOAD_SG pos=(55512.320313,3860.146729,36059.234375)
637.437 DEATH pos=(55102.078125,3935.342773,36143.605469) damage=100.800003
639.901 LOAD_SG pos=(55477.039063,3861.556885,35783.164063)
639.859 DEATH pos=(55725.210938,3849.629639,36781.968750) damage=100.800003
642.132 LOAD_SG pos=(55807.867188,3891.885254,36835.421875)
638.360 DEATH pos=(55466.566406,3848.818359,36846.742188) damage=100.800003
641.073 LOAD_SG pos=(55473.253906,3877.741699,36860.187500)
630.324 LOAD_SG pos=(54428.601563,3848.256348,37349.429688)
562.350 DEATH pos=(56158.648438,3848.425781,36063.187500) damage=100.800003
564.482 LOAD_SG pos=(56210.230469,3861.922363,36034.214844)
468.202 SAVE_SG pos=(56547.625000,3897.714111,36252.000000) quick
476.942 DEATH pos=(56562.875000,3848.058105,35718.222656) damage=100.800003
479.084 LOAD_SG pos=(56686.222656,3863.469238,35516.585938)
474.461 DEATH pos=(56395.222656,3900.016602,36302.128906) damage=75.600006
481.011 LOAD_SG pos=(56439.406250,3915.542236,36277.746094)
495.610 DEATH pos=(56488.476563,3902.303711,36269.949219) damage=75.600006
498.270 LOAD_SG pos=(56501.332031,3932.110107,36310.644531)
479.607 DEATH pos=(56392.585938,3888.075684,36259.355469) damage=75.600006
482.970 LOAD_SG pos=(56384.632813,3900.991699,36267.328125)
628.552 SAVE_SG pos=(58229.875000,3311.082275,47291.554688) quick
651.685 DEATH pos=(58045.996094,3314.001465,47705.601563) damage=75.600006
653.769 LOAD_SG pos=(58133.386719,3328.536621,47675.339844)
745.989 SAVE_SG pos=(47750.175781,3159.987549,48723.820313) quick
874.654 LOAD_SG pos=(57560.984375,3312.649658,47276.949219)
638.684 DEATH pos=(54337.101563,3848.186523,37158.984375) damage=83.642197
639.925 END Mine
