0.000 LOADED Dam
53.213 SAVE_SG pos=(34017.828125,2491.888672,51283.070313) quick
112.387 SAVE_SG pos=(32309.761719,2444.338135,49967.417969) quick
120.816 FINISHED LEVEL failure
121.840 LOAD_SG pos=(31473.880859,2438.261475,49840.761719)
120.791 FINISHED LEVEL failure
121.796 LOAD_SG pos=(32309.759766,2443.661133,49967.417969)
121.454 FINISHED LEVEL failure
122.491 LOAD_SG pos=(32091.187500,2417.805664,50306.808594)
120.879 FINISHED LEVEL failure
121.894 LOAD_SG pos=(32309.759766,2444.338135,49967.417969)
120.165 FINISHED LEVEL failure
121.170 LOAD_SG pos=(32550.443359,2437.971191,50425.324219)
119.908 FINISHED LEVEL failure
120.926 LOAD_SG pos=(32913.457031,2351.600342,49773.953125)
120.755 FINISHED LEVEL failure
121.760 LOAD_SG pos=(32309.759766,2443.721191,49967.417969)
120.495 FINISHED LEVEL failure
121.511 LOAD_SG pos=(31671.789063,2424.585449,50525.957031)
119.905 LOAD_SG pos=(32042.333984,2414.651611,50305.601563)
38.798 END Dam
