0.000 LOADED Terrain_3
0.042 LOAD_SG pos=(65341.214844,3303.996338,61041.664063)
118.786 DEATH pos=(61805.730469,3227.045654,49289.464844) damage=85.229073
121.870 LOAD_SG pos=(62045.207031,3260.217773,49064.984375)
54.198 SAVE_SG pos=(58796.160156,3333.978027,52478.503906) quick
121.829 SAVE_SG pos=(57601.363281,3424.778320,44894.890625) quick
152.695 SAVE_SG pos=(53031.269531,3381.493164,45824.070313) quick
197.495 SAVE_SG pos=(51726.308594,3468.068115,51732.351563) quick
216.075 SAVE_SG pos=(51424.347656,4097.047363,53758.648438) quick
281.143 DEATH pos=(51435.273438,4097.091309,53680.554688) damage=75.600006
283.998 LOAD_SG pos=(51455.617188,4120.611328,53593.355469)
237.945 DEATH pos=(51431.605469,4097.084961,53710.039063) damage=75.600006
244.428 LOAD_SG pos=(51454.964844,4111.762695,53645.988281)
234.476 DEATH pos=(51474.101563,4097.047363,53733.937500) damage=75.600006
237.896 LOAD_SG pos=(51475.738281,4116.519043,53672.167969)
261.679 SAVE_SG pos=(51524.914063,4097.047363,53658.054688) quick
302.259 SAVE_SG pos=(51516.386719,4097.068359,53765.410156) quick
451.745 SAVE_SG pos=(45492.265625,2433.080566,61407.984375) quick
621.199 SAVE_SG pos=(42915.457031,2759.791748,60492.960938) quick
793.021 SAVE_SG pos=(41419.308594,3423.851074,64488.718750) quick
802.776 DEATH pos=(41500.281250,3411.577148,64371.386719) damage=92.400002
806.492 LOAD_SG pos=(41519.175781,3447.319336,64361.757813)
812.953 DEATH pos=(39488.535156,3081.248047,60594.898438) damage=81.535217
816.218 LOAD_SG pos=(39407.902344,3096.863037,60353.984375)
859.658 DEATH pos=(39118.195313,2365.580078,58368.714844) damage=76.910461
862.398 LOAD_SG pos=(39160.648438,2402.088867,58395.855469)
805.354 DEATH pos=(39471.917969,3082.721191,59918.550781) damage=77.908508
807.581 LOAD_SG pos=(39425.828125,3105.926270,59472.003906)
820.095 SAVE_SG pos=(40073.191406,2310.913086,57917.714844) quick
951.897 DEATH pos=(41533.250000,2716.976318,58520.429688) damage=75.600006
955.216 LOAD_SG pos=(41535.015625,2747.598633,58523.906250)
907.046 SAVE_SG pos=(41875.734375,2359.346191,58397.730469) quick
915.375 SAVE_SG pos=(42075.804688,2407.146729,58648.753906) quick
943.862 SAVE_SG pos=(40993.742188,2811.385986,58553.328125) quick
965.381 SAVE_SG pos=(41053.292969,2810.905273,58551.445313) quick
986.509 DEATH pos=(41059.507813,2810.875977,58559.210938) damage=76.873474
988.849 LOAD_SG pos=(40976.652344,2822.041748,58533.265625)
1023.990 SAVE_SG pos=(40858.351563,2811.756104,58319.531250) quick
1054.927 DEATH pos=(40932.117188,2811.756104,58278.117188) damage=75.600006
1057.738 LOAD_SG pos=(40873.773438,2833.585693,58328.066406)
1050.353 DEATH pos=(41026.800781,2811.684570,58307.878906) damage=75.600006
1052.510 LOAD_SG pos=(40962.511719,2828.914307,58226.074219)
1094.862 SAVE_SG pos=(41090.542969,2810.582520,58500.476563) quick
1212.510 DEATH pos=(41295.468750,2891.052979,59715.730469) damage=89.299026
1214.758 LOAD_SG pos=(41248.839844,2923.472900,59683.359375)
1102.573 DEATH pos=(41143.214844,2859.309082,59448.230469) damage=77.810287
1104.851 LOAD_SG pos=(41046.417969,2935.717041,59548.554688)
1123.072 DEATH pos=(41485.429688,2897.909668,60221.484375) damage=82.638779
1125.125 LOAD_SG pos=(41439.218750,2918.515869,60274.406250)
1120.781 DEATH pos=(41261.769531,2809.696289,58722.160156) damage=75.600006
1122.925 LOAD_SG pos=(41175.425781,2824.542725,58747.957031)
1139.818 DEATH pos=(42388.363281,2735.371582,59564.750000) damage=81.258133
1142.187 LOAD_SG pos=(42289.648438,2748.096680,59501.941406)
1100.903 SAVE_SG pos=(41261.894531,2876.401123,59577.253906) quick
1104.104 SAVE_SG pos=(41278.535156,2875.830322,59592.839844) quick
1147.210 SAVE_SG pos=(44795.121094,2561.124023,59379.539063) quick
1181.946 SAVE_SG pos=(44688.644531,2607.201660,59776.250000) quick
1187.666 DEATH pos=(44688.644531,2607.201660,59776.250000) damage=86.215714
1190.271 LOAD_SG pos=(44732.460938,2620.100830,59751.531250)
1247.300 SAVE_SG pos=(44486.695313,2692.213379,60214.855469) quick
1454.363 FINISHED LEVEL success
1454.446 END Dam
