0.000 LOADED Terrain_2
36.103 SAVE_SG pos=(79556.882813,1273.066406,35558.808594) quick
49.700 SAVE_SG pos=(78952.117188,973.988647,36096.062500) quick
70.002 FINISHED LEVEL failure
71.048 LOAD_SG pos=(78588.070313,879.116821,37097.492188)
57.593 DEATH pos=(79489.796875,988.770264,36568.296875) damage=91.064667
58.599 FINISHED LEVEL failure
60.238 LOAD_SG pos=(79414.164063,985.090515,36649.503906)
94.642 FINISHED LEVEL failure
95.671 LOAD_SG pos=(78834.695313,915.391846,36497.566406)
59.508 FINISHED LEVEL failure
60.549 LOAD_SG pos=(78903.328125,981.082275,35931.378906)
67.403 SAVE_SG pos=(78905.671875,973.732544,35998.687500) quick
81.916 FINISHED LEVEL failure
82.924 LOAD_SG pos=(79057.414063,1032.244141,35855.343750)
82.993 FINISHED LEVEL failure
83.996 LOAD_SG pos=(78902.773438,969.699158,36030.058594)
99.239 SAVE_SG pos=(78649.468750,932.353638,35674.691406) quick
119.324 FINISHED LEVEL failure
120.339 LOAD_SG pos=(78601.585938,919.125916,35993.164063)
125.691 FINISHED LEVEL failure
126.707 LOAD_SG pos=(78583.187500,911.411194,36149.921875)
126.280 FINISHED LEVEL failure
127.325 LOAD_SG pos=(78614.734375,917.701782,36048.558594)
137.927 FINISHED LEVEL failure
138.973 LOAD_SG pos=(78597.054688,915.267334,36074.394531)
108.227 SAVE_SG pos=(78592.367188,915.451843,36048.652344) quick
122.341 FINISHED LEVEL failure
123.351 LOAD_SG pos=(78634.320313,928.070313,35845.800781)
179.212 SAVE_SG pos=(79421.875000,1157.757690,35891.464844) quick
194.577 FINISHED LEVEL failure
195.612 LOAD_SG pos=(79416.687500,1157.150391,35885.691406)
199.659 SAVE_SG pos=(79386.789063,1147.997314,35876.429688) quick
230.113 FINISHED LEVEL failure
231.145 LOAD_SG pos=(79420.601563,1155.081787,35882.167969)
233.837 SAVE_SG pos=(78603.585938,915.559998,36088.898438) quick
247.172 FINISHED LEVEL failure
248.181 LOAD_SG pos=(78603.585938,915.559998,36088.898438)
261.790 FINISHED LEVEL failure
262.795 LOAD_SG pos=(78670.632813,930.006958,35974.257813)
246.535 FINISHED LEVEL failure
247.568 LOAD_SG pos=(79341.054688,1135.556396,35844.078125)
263.544 SAVE_SG pos=(78607.328125,926.386230,35761.605469) quick
278.230 SAVE_SG pos=(78615.382813,927.895874,35758.824219) quick
369.262 FINISHED LEVEL failure
370.308 LOAD_SG pos=(78611.000000,918.627747,36021.121094)
300.498 FINISHED LEVEL failure
301.502 LOAD_SG pos=(78569.218750,905.467407,36262.992188)
325.972 FINISHED LEVEL failure
327.011 LOAD_SG pos=(78701.265625,931.807800,36017.027344)
292.301 FINISHED LEVEL failure
293.305 LOAD_SG pos=(78560.132813,905.560913,36268.519531)
425.481 SAVE_SG pos=(79267.726563,1116.759399,35812.773438) quick
433.259 END Terrain_2
