0.000 LOADED Level001
87.294 DEATH pos=(66387.312500,3047.217285,65656.539063) damage=75.600006
90.001 LOAD_SG pos=(66409.250000,3065.286377,65656.296875)
58.918 SAVE_SG pos=(66157.656250,3007.727539,65699.750000) quick
80.778 DEATH pos=(66213.242188,3008.467285,65712.750000) damage=75.600006
84.708 LOAD_SG pos=(66233.320313,3023.625244,65709.906250)
103.253 SAVE_SG pos=(66404.531250,1272.691040,72430.929688) quick
213.732 SAVE_SG pos=(63026.457031,1260.462524,72556.039063) quick
279.788 SAVE_SG pos=(60084.343750,1659.779053,72355.539063) quick
281.069 SAVE_SG pos=(60233.941406,1659.822510,72355.539063) quick
320.439 SAVE_SG pos=(60399.976563,1635.368652,73221.250000) quick
356.427 DEATH pos=(59466.726563,1285.020020,72545.914063) damage=75.600006
359.243 LOAD_SG pos=(59490.140625,1293.626587,72510.281250)
326.282 SAVE_SG pos=(59155.375000,1265.265015,73364.117188) quick
363.458 SAVE_SG pos=(58498.738281,1245.841064,76061.203125) quick
405.590 DEATH pos=(58494.695313,1255.318237,76768.453125) damage=75.600006
407.784 LOAD_SG pos=(58433.574219,1268.159912,76762.671875)
372.941 DEATH pos=(58910.410156,1268.560303,76442.515625) damage=75.600006
375.087 LOAD_SG pos=(59158.156250,1272.890381,76183.234375)
387.528 DEATH pos=(58873.558594,1264.817383,76692.781250) damage=76.541428
389.587 LOAD_SG pos=(58903.421875,1304.695557,76706.804688)
369.703 DEATH pos=(58512.632813,1268.481323,76552.960938) damage=75.600006
372.046 LOAD_SG pos=(58465.097656,1281.592651,76526.968750)
376.252 SAVE_SG pos=(58461.445313,1201.128418,77358.632813) quick
387.249 SAVE_SG pos=(58519.695313,1237.814331,78225.265625) quick
454.848 DEATH pos=(60714.550781,1227.469238,76879.437500) damage=81.074631
456.945 LOAD_SG pos=(60719.261719,1250.686035,76833.921875)
410.788 SAVE_SG pos=(60123.281250,1156.937744,79888.859375) quick
427.272 SAVE_SG pos=(61630.078125,1221.925293,79080.000000) quick
482.438 SAVE_SG pos=(64804.492188,1310.468506,78841.281250) quick
504.756 DEATH pos=(65482.847656,1197.820679,78895.273438) damage=92.400002
506.959 LOAD_SG pos=(65472.761719,1215.276367,78873.609375)
560.460 SAVE_SG pos=(67506.781250,1218.265991,80767.750000) quick
595.507 DEATH pos=(69644.070313,1235.733398,80223.890625) damage=86.663582
597.576 LOAD_SG pos=(69619.398438,1245.169189,80263.953125)
576.135 SAVE_SG pos=(71901.484375,1614.656494,79315.226563) quick
577.638 SAVE_SG pos=(71816.906250,1614.670654,79314.859375) quick
620.222 SAVE_SG pos=(70738.781250,2216.396240,80984.640625) quick
627.396 DEATH pos=(70327.101563,2215.742676,80790.914063) damage=75.600006
629.437 LOAD_SG pos=(70380.765625,2232.835449,80837.289063)
626.141 LOAD_SG pos=(70738.781250,2216.396240,80984.640625)
591.884 DEATH pos=(71449.234375,1589.141846,79724.343750) damage=92.400002
593.976 LOAD_SG pos=(71400.546875,1627.915894,79730.476563)
591.598 SAVE_SG pos=(71637.414063,1614.670654,79454.992188) quick
592.811 SAVE_SG pos=(71637.414063,1614.670654,79454.992188) quick
621.380 DEATH pos=(70006.812500,1221.437500,78834.726563) damage=83.841125
626.437 LOAD_SG pos=(69943.312500,1233.328369,78758.468750)
603.636 SAVE_SG pos=(71399.593750,1589.050415,79717.328125) quick
625.734 SAVE_SG pos=(70162.632813,2218.555908,81035.390625) quick
661.997 SAVE_SG pos=(69091.445313,2210.501953,78685.585938) quick
683.946 DEATH pos=(68855.992188,2120.044189,78213.101563) damage=75.600006
686.161 LOAD_SG pos=(68940.179688,2063.410645,78202.562500)
682.972 SAVE_SG pos=(68737.476563,2116.016113,77620.195313) quick
822.039 FINISHED LEVEL success
823.987 END Terrain_5
