0.000 LOADED Terrain_2a
24.554 SAVE_SG pos=(48070.332031,918.881531,126851.195313) quick
47.900 SAVE_SG pos=(48758.761719,3164.141357,125971.578125) quick
85.784 DEATH pos=(48212.636719,3164.141357,124596.132813) damage=60.480003
89.296 LOAD_SG pos=(48279.441406,3176.796143,124548.757813)
73.524 DEATH pos=(48262.882813,3164.141357,124719.960938) damage=60.480003
75.668 LOAD_SG pos=(48239.117188,3177.752686,124747.343750)
112.582 SAVE_SG pos=(48296.769531,3164.181885,124428.273438) quick
122.511 DEATH pos=(48767.683594,3164.175049,123858.312500) damage=60.480003
124.579 LOAD_SG pos=(48691.511719,3176.429443,123857.562500)
147.435 SAVE_SG pos=(48675.347656,3164.141357,124020.523438) quick
206.142 SAVE_SG pos=(49895.871094,3200.745117,123865.195313) quick
221.443 SAVE_SG pos=(49928.816406,3200.745117,123893.406250) quick
259.940 SAVE_SG pos=(50287.800781,3164.214111,123320.851563) quick
293.880 DEATH pos=(49670.859375,3199.077881,122476.750000) damage=52.000801
296.666 LOAD_SG pos=(49697.269531,3181.853271,122399.164063)
312.682 SAVE_SG pos=(48292.933594,3164.317139,121630.312500) quick
325.083 DEATH pos=(48358.750000,3618.839355,121177.820313) damage=49.618645
328.219 LOAD_SG pos=(48357.660156,3631.483398,121274.835938)
346.142 DEATH pos=(48315.824219,3616.653564,121077.757813) damage=49.100887
349.389 LOAD_SG pos=(48321.109375,3606.291992,121030.203125)
318.683 DEATH pos=(48321.269531,3616.654297,121084.898438) damage=49.290569
321.340 LOAD_SG pos=(48317.113281,3630.583984,121253.335938)
371.275 SAVE_SG pos=(48519.378906,3618.839355,121647.804688) quick
415.937 SAVE_SG pos=(49034.292969,4055.340820,124237.140625) quick
459.550 SAVE_SG pos=(11088.135742,4154.517090,95483.406250) quick
505.773 SAVE_SG pos=(9489.280273,3771.731689,95105.812500) quick
551.423 SAVE_SG pos=(11341.187500,3488.788818,98518.476563) quick
551.954 SAVE_SG pos=(11378.697266,3269.858887,98747.601563) quick
579.644 DEATH pos=(10746.297852,3273.382080,98708.960938) damage=54.694126
582.310 LOAD_SG pos=(10787.781250,3297.033691,98642.218750)
597.248 SAVE_SG pos=(10589.631836,3273.375488,98120.945313) quick
627.563 SAVE_SG pos=(10927.320313,3309.955566,94597.203125) quick
648.354 DEATH pos=(10586.497070,3273.363770,94848.960938) damage=60.480003
651.885 LOAD_SG pos=(10470.153320,3284.785400,94749.773438)
659.323 SAVE_SG pos=(10609.858398,3273.382813,95002.421875) quick
677.029 FINISHED LEVEL success
679.011 END Terrain_2b
