0.000 LOADED Level001
75.006 DEATH pos=(66157.265625,3089.093994,65482.605469) damage=25.200001
78.359 LOAD_SG pos=(66174.789063,3113.659180,65466.238281)
108.703 SAVE_SG pos=(67540.109375,2009.914063,70383.320313) quick
162.787 SAVE_SG pos=(66170.906250,1270.625610,72306.968750) quick
226.197 SAVE_SG pos=(64091.832031,1240.231079,73162.289063) quick
316.712 DEATH pos=(62511.816406,1741.715942,72660.531250) damage=25.200001
319.754 LOAD_SG pos=(62524.437500,1776.567383,72643.437500)
290.566 SAVE_SG pos=(61495.792969,2023.286133,72396.484375) quick
319.303 SAVE_SG pos=(60224.589844,2286.533691,72535.539063) quick
321.088 SAVE_SG pos=(60224.589844,2286.533691,72535.539063) quick
336.438 DEATH pos=(60269.984375,2158.368896,72478.257813) damage=30.800001
339.475 LOAD_SG pos=(60341.847656,1960.682251,72525.593750)
340.361 SAVE_SG pos=(60356.007813,2156.591309,72260.164063) quick
349.038 DEATH pos=(60478.125000,2310.906982,72555.835938) damage=28.416677
351.862 LOAD_SG pos=(60525.097656,2253.980225,72440.250000)
350.582 LOAD_SG pos=(60138.718750,2160.829346,72278.750000)
342.944 LOAD_SG pos=(60357.007813,2155.519531,72258.328125)
336.322 SAVE_SG pos=(60225.097656,2214.267822,72381.039063) quick
350.996 SAVE_SG pos=(60242.480469,2213.945068,72378.476563) quick
375.076 SAVE_SG pos=(60083.054688,1659.848022,72356.804688) quick
414.650 SAVE_SG pos=(60411.921875,1657.084961,73009.468750) quick
430.244 LOAD_SG pos=(60545.179688,1657.379150,72949.148438)
398.476 SAVE_SG pos=(60429.734375,1656.791748,73047.328125) quick
405.802 LOAD_SG pos=(60563.066406,1657.374268,72924.796875)
406.413 SAVE_SG pos=(60396.414063,1657.099243,72989.421875) quick
428.104 LOAD_SG pos=(60572.082031,1657.522217,72926.265625)
418.862 LOAD_SG pos=(60575.968750,1657.548950,72926.367188)
430.965 SAVE_SG pos=(59148.957031,1251.349121,73584.304688) quick
455.333 SAVE_SG pos=(58500.953125,1265.645752,74085.687500) quick
583.153 SAVE_SG pos=(58455.476563,1246.722046,76044.984375) quick
602.492 LOAD_SG pos=(58421.996094,1219.585205,77623.375000)
645.169 LOAD_SG pos=(58936.781250,1253.104004,76826.453125)
623.816 LOAD_SG pos=(58539.734375,1249.662354,76787.234375)
604.964 LOAD_SG pos=(58500.726563,1236.083252,78053.015625)
594.964 SAVE_SG pos=(58451.160156,1268.538574,76665.148438) quick
605.591 SAVE_SG pos=(58429.566406,1201.492310,77286.375000) quick
668.594 SAVE_SG pos=(58679.089844,1228.004517,78535.437500) quick
696.109 DEATH pos=(58715.496094,1215.707275,78653.031250) damage=27.316420
701.213 LOAD_SG pos=(58650.859375,1215.463257,78730.421875)
689.014 SAVE_SG pos=(59157.683594,1273.115234,79029.960938) quick
694.815 LOAD_SG pos=(59157.683594,1273.115234,79029.960938)
717.050 SAVE_SG pos=(60108.937500,1164.431274,79818.703125) quick
723.756 SAVE_SG pos=(60329.957031,1174.006714,79737.867188) quick
779.540 SAVE_SG pos=(61848.613281,1221.308716,79081.507813) quick
843.962 SAVE_SG pos=(63482.332031,1310.471802,78931.937500) quick
896.415 SAVE_SG pos=(65521.937500,1243.712280,79143.007813) quick
943.142 SAVE_SG pos=(66914.007813,1229.415527,80633.664063) quick
975.304 DEATH pos=(67439.375000,1216.327881,80844.851563) damage=27.026487
977.800 LOAD_SG pos=(67406.625000,1233.876465,80775.835938)
943.195 SAVE_SG pos=(66917.468750,1229.256836,80634.562500) quick
973.549 SAVE_SG pos=(67363.609375,1214.672607,80732.218750) quick
1032.712 SAVE_SG pos=(68314.992188,1221.034058,80523.242188) quick
1055.413 SAVE_SG pos=(71899.953125,1614.730957,79287.062500) quick
1056.727 SAVE_SG pos=(71819.062500,1614.730957,79337.710938) quick
1136.254 DEATH pos=(70347.226563,1224.082275,81218.265625) damage=30.789671
1139.919 LOAD_SG pos=(70351.328125,1236.874634,81301.093750)
1298.302 DEATH pos=(69088.929688,2210.401611,78596.367188) damage=25.200001
1301.256 LOAD_SG pos=(69128.812500,2116.708984,78562.023438)
1076.426 SAVE_SG pos=(70968.640625,1242.397339,80546.101563) quick
1111.865 SAVE_SG pos=(70425.726563,2216.491943,81128.859375) quick
1186.520 SAVE_SG pos=(68730.984375,2108.978760,75649.734375) quick
1203.845 SAVE_SG pos=(67493.648438,2120.030518,74267.976563) quick
1249.085 SAVE_SG pos=(64977.753906,1223.984863,73449.210938) quick
1299.912 FINISHED LEVEL success
1301.879 END Terrain_5
