0.000 LOADED Woodyard
0.035 LOAD_SG pos=(50946.500000,2210.431641,22005.951172)
582.326 LOAD_SG pos=(27664.806641,1930.133911,48176.777344)
171.184 SAVE_SG pos=(45142.960938,689.859680,25615.363281) quick
220.993 SAVE_SG pos=(43414.429688,836.654968,27267.105469) quick
457.013 SAVE_SG pos=(34621.535156,1147.816650,34296.812500) quick
504.092 SAVE_SG pos=(31928.548828,1149.432007,35417.054688) quick
574.864 SAVE_SG pos=(30157.910156,1017.659180,31719.710938) quick
576.007 SAVE_SG pos=(30145.992188,1020.050415,31745.779297) quick
577.952 DEATH pos=(30158.339844,1021.841187,31751.236328) damage=90.640312
583.047 LOAD_SG pos=(30134.015625,1034.636597,31728.599609)
619.122 SAVE_SG pos=(30067.476563,1061.668457,31994.957031) quick
648.726 DEATH pos=(29686.478516,1143.358887,32666.398438) damage=89.589775
651.887 LOAD_SG pos=(29625.447266,1159.491821,32673.757813)
668.355 DEATH pos=(31408.710938,1147.953125,32231.095703) damage=92.400002
671.452 LOAD_SG pos=(31399.302734,1165.026733,32272.548828)
661.250 SAVE_SG pos=(30838.408203,1114.784424,31837.240234) quick
773.510 SAVE_SG pos=(29995.490234,1127.825317,32279.257813) quick
776.401 SAVE_SG pos=(29995.464844,1127.838867,32279.257813) quick
845.840 SAVE_SG pos=(31449.263672,1140.345337,31958.044922) quick
850.570 SAVE_SG pos=(31449.265625,1140.345337,31958.044922) quick
946.464 SAVE_SG pos=(33430.894531,1245.116089,30204.152344) quick
1055.301 DEATH pos=(30935.585938,1149.979492,36285.984375) damage=75.988335
1060.719 LOAD_SG pos=(30861.593750,1163.683716,36313.539063)
996.260 SAVE_SG pos=(30613.298828,1236.106934,36152.769531) quick
1011.345 SAVE_SG pos=(30554.046875,1236.106567,36160.675781) quick
1062.891 SAVE_SG pos=(31925.968750,1149.479248,36013.550781) quick
1086.449 SAVE_SG pos=(31849.501953,1163.152710,37310.500000) quick
1112.628 DEATH pos=(28753.623047,1329.678955,39206.109375) damage=132.000000
1116.275 LOAD_SG pos=(28714.970703,1349.723389,39187.343750)
1125.580 DEATH pos=(30169.167969,1128.281982,38767.292969) damage=132.000000
1128.634 LOAD_SG pos=(30290.009766,1139.319336,38799.402344)
1179.887 SAVE_SG pos=(29964.230469,1710.385498,37434.285156) quick
1199.364 DEATH pos=(30122.388672,1144.097412,37119.804688) damage=379.309113
1202.217 LOAD_SG pos=(30192.537109,1161.464355,36957.476563)
1323.342 SAVE_SG pos=(26129.421875,769.568237,36484.906250) quick
1404.326 DEATH pos=(23668.691406,947.576294,48567.507813) damage=86.769302
1407.508 LOAD_SG pos=(23576.804688,940.413086,48627.464844)
1338.315 SAVE_SG pos=(23347.054688,582.370422,41979.414063) quick
1371.667 DEATH pos=(21920.339844,504.929749,48449.054688) damage=90.924721
1375.733 LOAD_SG pos=(21971.455078,522.217957,48517.035156)
1370.429 SAVE_SG pos=(22630.054688,515.545837,45471.882813) quick
1414.479 SAVE_SG pos=(22960.640625,691.085815,47223.503906) quick
1416.526 SAVE_SG pos=(22960.640625,691.085815,47223.503906) quick
1441.751 DEATH pos=(23012.664063,884.725464,47941.722656) damage=86.797897
1445.081 LOAD_SG pos=(22825.818359,811.814697,47957.398438)
1426.719 DEATH pos=(22644.869141,919.227539,48802.062500) damage=83.569901
1429.653 LOAD_SG pos=(22565.613281,918.713745,48864.035156)
1485.900 SAVE_SG pos=(28542.777344,1457.503662,43416.351563) quick
1499.358 SAVE_SG pos=(29399.984375,1931.311646,47616.910156) quick
1513.983 DEATH pos=(29364.488281,2094.677246,48130.906250) damage=75.600006
1519.395 LOAD_SG pos=(29339.474609,2111.921143,48192.730469)
1509.487 DEATH pos=(29030.257813,2183.724121,48229.015625) damage=75.600006
1514.435 LOAD_SG pos=(29018.603516,2107.336914,48254.164063)
1553.228 SAVE_SG pos=(29063.714844,2076.426758,48504.843750) quick
1563.855 SAVE_SG pos=(28783.851563,2077.169434,48642.386719) quick
1581.788 DEATH pos=(28743.710938,2091.100830,48020.179688) damage=75.600006
1586.602 LOAD_SG pos=(28709.246094,2113.593994,48112.015625)
1575.195 DEATH pos=(28804.390625,2076.610107,48561.511719) damage=894.685791
1578.748 LOAD_SG pos=(28731.378906,2101.980225,48554.746094)
1597.099 DEATH pos=(29289.931641,2095.534180,48313.152344) damage=75.600006
1600.484 LOAD_SG pos=(29373.671875,2110.483398,48284.492188)
1642.156 DEATH pos=(29633.501953,2039.187256,49269.144531) damage=132.000000
1645.706 LOAD_SG pos=(29678.562500,2061.754639,49242.429688)
1598.406 SAVE_SG pos=(28528.689453,2098.674072,48374.785156) quick
1622.356 SAVE_SG pos=(28483.179688,2097.714600,48413.750000) quick
1632.473 SAVE_SG pos=(28488.167969,2097.129395,48239.585938) quick
1641.684 DEATH pos=(28474.970703,2097.223389,48373.882813) damage=136.873672
1647.316 LOAD_SG pos=(28496.724609,2111.147705,48447.585938)
1640.232 DEATH pos=(27135.421875,1526.224487,50303.980469) damage=80.281807
1642.850 LOAD_SG pos=(27136.142578,1510.596802,50379.976563)
1644.515 DEATH pos=(28627.650391,2092.011230,48628.296875) damage=274.517548
1647.344 LOAD_SG pos=(28655.603516,2102.653809,48699.710938)
1656.918 SAVE_SG pos=(31505.371094,1503.287842,50081.355469) quick
1713.316 DEATH pos=(30686.001953,870.384033,55270.472656) damage=75.600006
1716.518 LOAD_SG pos=(30652.853516,886.427063,55333.519531)
1687.002 SAVE_SG pos=(29129.433594,824.764404,54007.335938) quick
1745.773 FINISHED LEVEL success
1746.123 END Terrain_3
