0.000 LOADED Woodyard
331.362 SAVE_SG pos=(30593.505859,1236.106567,36143.128906) quick
363.385 DEATH pos=(30001.714844,1429.918579,40909.296875) damage=25.200001
368.199 LOAD_SG pos=(30091.328125,1435.943970,40910.656250)
374.455 DEATH pos=(29886.273438,1302.214355,42393.109375) damage=44.000000
377.605 LOAD_SG pos=(29888.484375,1315.300293,42372.167969)
433.842 SAVE_SG pos=(28526.251953,2091.447754,48037.828125) quick
578.985 DEATH pos=(29126.939453,2074.315674,48681.152344) damage=302.492310
582.011 LOAD_SG pos=(29066.822266,2091.233398,48742.320313)
532.610 SAVE_SG pos=(29023.205078,2075.502686,48979.082031) quick
582.502 DEATH pos=(29413.919922,2084.509277,48919.816406) damage=44.000000
585.607 LOAD_SG pos=(29391.892578,2097.197754,48942.621094)
546.750 DEATH pos=(29077.755859,2073.899902,49000.488281) damage=30.320496
550.336 LOAD_SG pos=(29027.259766,2087.696777,49046.589844)
559.866 DEATH pos=(29093.570313,2074.137451,48966.832031) damage=30.405890
563.126 LOAD_SG pos=(29159.792969,2094.189209,48975.921875)
565.724 SAVE_SG pos=(29052.462891,2071.814209,48839.222656) quick
583.782 DEATH pos=(29319.636719,2074.577393,48737.101563) damage=44.000000
586.985 LOAD_SG pos=(29316.324219,2087.390625,48668.464844)
575.738 DEATH pos=(27248.041016,1082.387817,52411.105469) damage=26.597708
578.673 LOAD_SG pos=(27128.119141,1066.205078,52864.292969)
583.949 DEATH pos=(29514.685547,1997.582520,49431.156250) damage=240.420990
587.233 LOAD_SG pos=(29526.804688,1967.203613,49516.398438)
572.552 DEATH pos=(30715.685547,1161.579102,50800.464844) damage=423.244934
575.267 LOAD_SG pos=(30929.035156,1089.679688,51185.351563)
578.098 DEATH pos=(29297.554688,2086.038574,48392.347656) damage=150.803528
581.702 LOAD_SG pos=(29354.962891,2099.107422,48377.046875)
572.387 DEATH pos=(30309.462891,1258.663818,50450.343750) damage=434.896576
575.112 LOAD_SG pos=(30250.867188,1228.329712,50504.328125)
571.897 DEATH pos=(29755.222656,1172.897217,50843.949219) damage=428.106781
574.858 LOAD_SG pos=(29729.105469,1191.614868,50876.449219)
574.947 DEATH pos=(26995.406250,1477.023926,50357.527344) damage=60.000000
578.221 LOAD_SG pos=(26776.572266,1363.910400,50565.484375)
573.763 DEATH pos=(26452.724609,1338.925171,50462.578125) damage=28.084415
576.945 LOAD_SG pos=(26434.958984,1365.372192,50429.273438)
584.808 DEATH pos=(28026.525391,2054.980713,48714.769531) damage=44.000000
588.028 LOAD_SG pos=(28048.238281,2061.165527,48793.277344)
583.535 DEATH pos=(28447.144531,2089.604248,48737.285156) damage=44.000000
587.754 LOAD_SG pos=(28437.519531,2077.420654,48834.847656)
579.022 DEATH pos=(28894.980469,2073.950439,48880.625000) damage=163.940155
583.583 LOAD_SG pos=(28945.222656,2087.159424,48926.308594)
573.115 DEATH pos=(26814.564453,1406.962646,50428.957031) damage=27.275822
605.657 LOAD_SG pos=(26746.419922,1412.285889,50416.605469)
577.743 DEATH pos=(30084.509766,2100.102295,48452.031250) damage=44.000000
581.094 LOAD_SG pos=(30053.162109,2111.514160,48511.886719)
578.932 DEATH pos=(29068.484375,2073.137939,48748.226563) damage=251.156433
581.970 LOAD_SG pos=(29112.736328,2084.261230,48794.261719)
579.023 DEATH pos=(29045.626953,2071.651123,48826.183594) damage=211.759506
583.077 LOAD_SG pos=(28993.939453,2088.458984,48806.507813)
579.026 DEATH pos=(29052.462891,2071.814209,48839.222656) damage=189.687912
582.691 LOAD_SG pos=(29059.673828,2085.774902,48909.769531)
585.487 SAVE_SG pos=(29394.728516,1402.163208,50290.265625) quick
848.625 FINISHED LEVEL success
848.969 END Terrain_3
